#
# There is insufficient memory for the Java Runtime Environment to continue.
# Native memory allocation (mmap) failed to map 65536 bytes for Failed to commit metaspace.
# Possible reasons:
#   The system is out of physical RAM or swap space
#   The process is running with CompressedOops enabled, and the Java Heap may be blocking the growth of the native heap
# Possible solutions:
#   Reduce memory load on the system
#   Increase physical memory or swap space
#   Check if swap backing store is full
#   Decrease Java heap size (-Xmx/-Xms)
#   Decrease number of Java threads
#   Decrease Java thread stack sizes (-Xss)
#   Set larger code cache with -XX:ReservedCodeCacheSize=
#   JVM is running with Zero Based Compressed Oops mode in which the Java heap is
#     placed in the first 32GB address space. The Java Heap base address is the
#     maximum limit for the native heap growth. Please use -XX:HeapBaseMinAddress
#     to set the Java Heap base and to place the Java Heap above 32GB virtual address.
# This output file may be truncated or incomplete.
#
#  Out of Memory Error (virtualSpaceNode.cpp:110), pid=14664, tid=10488
#
# JRE version: Java(TM) SE Runtime Environment (19.0.2+7) (build 19.0.2+7-44)
# Java VM: Java HotSpot(TM) 64-Bit Server VM (19.0.2+7-44, mixed mode, sharing, tiered, compressed oops, compressed class ptrs, g1 gc, windows-amd64)
# No core dump will be written. Minidumps are not enabled by default on client versions of Windows
#

---------------  S U M M A R Y ------------

Command Line: C:\Users\RouryR\AppData\Local\Temp\surefire8091844301368643054\surefirebooter-20231104224623071_3.jar C:\Users\RouryR\AppData\Local\Temp\surefire8091844301368643054 2023-11-04T22-46-22_810-jvmRun1 surefire-20231104224623071_1tmp surefire_0-20231104224623071_2tmp

Host: Intel(R) Core(TM) i7-7500U CPU @ 2.70GHz, 4 cores, 15G,  Windows 11 , 64 bit Build 22621 (10.0.22621.2428)
Time: Sat Nov  4 22:46:25 2023 Hora estándar central (México) elapsed time: 1.897363 seconds (0d 0h 0m 1s)

---------------  T H R E A D  ---------------

Current thread (0x0000016d59cf9a20):  JavaThread "surefire-forkedjvm-command-thread" daemon [_thread_in_vm, id=10488, stack(0x0000001350600000,0x0000001350700000)]

Stack: [0x0000001350600000,0x0000001350700000]
Native frames: (J=compiled Java code, j=interpreted, Vv=VM code, C=native code)
V  [jvm.dll+0x6ee21a]
V  [jvm.dll+0x85765e]
V  [jvm.dll+0x85904e]
V  [jvm.dll+0x859703]
V  [jvm.dll+0x28298f]
V  [jvm.dll+0x8532db]
V  [jvm.dll+0x692cb6]
V  [jvm.dll+0x692d1a]
V  [jvm.dll+0x695613]
V  [jvm.dll+0x6954de]
V  [jvm.dll+0x6936de]
V  [jvm.dll+0x26e12f]
V  [jvm.dll+0x69dcc5]
V  [jvm.dll+0x21e072]
V  [jvm.dll+0x21e5a5]
V  [jvm.dll+0x21ef01]
V  [jvm.dll+0x2146a1]
V  [jvm.dll+0x5a9cb6]
V  [jvm.dll+0x2257aa]
V  [jvm.dll+0x7cc802]
V  [jvm.dll+0x7cdc4a]
V  [jvm.dll+0x7cdf78]
V  [jvm.dll+0x271e1b]
V  [jvm.dll+0x27203f]
V  [jvm.dll+0x5cb4e8]
V  [jvm.dll+0x5ce447]
V  [jvm.dll+0x3ddda7]
V  [jvm.dll+0x3dd3ff]
C  0x0000016d414bc1b7

Java frames: (J=compiled Java code, j=interpreted, Vv=VM code)
j  java.net.InetAddress$NameServiceAddresses.get()[Ljava/net/InetAddress;+60 java.base@19.0.2
j  java.net.InetAddress.getAllByName0(Ljava/lang/String;ZZ)[Ljava/net/InetAddress;+201 java.base@19.0.2
j  java.net.InetAddress.getLocalHost()Ljava/net/InetAddress;+87 java.base@19.0.2
j  sun.management.VMManagementImpl.getVmId()Ljava/lang/String;+8 java.management@19.0.2
j  sun.management.RuntimeImpl.getName()Ljava/lang/String;+4 java.management@19.0.2
j  org.apache.maven.surefire.booter.ForkedBooter.getProcessName()Ljava/lang/String;+3
j  org.apache.maven.surefire.booter.ForkedBooter.access$500()Ljava/lang/String;+0
j  org.apache.maven.surefire.booter.ForkedBooter$4.update(Lorg/apache/maven/surefire/api/booter/Command;)V+218
j  org.apache.maven.surefire.booter.CommandReader$CommandRunnable.callListeners(Lorg/apache/maven/surefire/api/booter/Command;)V+72
j  org.apache.maven.surefire.booter.CommandReader$CommandRunnable.exitByConfiguration()V+31
j  org.apache.maven.surefire.booter.CommandReader$CommandRunnable.run()V+308
j  java.lang.Thread.run()V+13 java.base@19.0.2
v  ~StubRoutines::call_stub 0x0000016d4149100e

---------------  P R O C E S S  ---------------

Threads class SMR info:
_java_thread_list=0x0000016d59dbc5e0, length=15, elements={
0x0000016d307eb230, 0x0000016d55311ec0, 0x0000016d55312e50, 0x0000016d55316a00,
0x0000016d55317330, 0x0000016d55317c60, 0x0000016d55318590, 0x0000016d553191f0,
0x0000016d5531acc0, 0x0000016d59550040, 0x0000016d59613e60, 0x0000016d5961c450,
0x0000016d59be5a50, 0x0000016d59cf9a20, 0x0000016d59d59dd0
}

Java Threads: ( => current thread )
  0x0000016d307eb230 JavaThread "main" [_thread_in_vm, id=17576, stack(0x000000134f200000,0x000000134f300000)]
  0x0000016d55311ec0 JavaThread "Reference Handler" daemon [_thread_blocked, id=14840, stack(0x000000134f900000,0x000000134fa00000)]
  0x0000016d55312e50 JavaThread "Finalizer" daemon [_thread_blocked, id=13800, stack(0x000000134fa00000,0x000000134fb00000)]
  0x0000016d55316a00 JavaThread "Signal Dispatcher" daemon [_thread_blocked, id=9196, stack(0x000000134fb00000,0x000000134fc00000)]
  0x0000016d55317330 JavaThread "Attach Listener" daemon [_thread_blocked, id=8200, stack(0x000000134fc00000,0x000000134fd00000)]
  0x0000016d55317c60 JavaThread "Service Thread" daemon [_thread_blocked, id=18724, stack(0x000000134fd00000,0x000000134fe00000)]
  0x0000016d55318590 JavaThread "Monitor Deflation Thread" daemon [_thread_blocked, id=7488, stack(0x000000134fe00000,0x000000134ff00000)]
  0x0000016d553191f0 JavaThread "C2 CompilerThread0" daemon [_thread_blocked, id=7456, stack(0x000000134ff00000,0x0000001350000000)]
  0x0000016d5531acc0 JavaThread "C1 CompilerThread0" daemon [_thread_blocked, id=11180, stack(0x0000001350000000,0x0000001350100000)]
  0x0000016d59550040 JavaThread "Sweeper thread" daemon [_thread_blocked, id=1364, stack(0x0000001350100000,0x0000001350200000)]
  0x0000016d59613e60 JavaThread "Notification Thread" daemon [_thread_blocked, id=12344, stack(0x0000001350200000,0x0000001350300000)]
  0x0000016d5961c450 JavaThread "Common-Cleaner" daemon [_thread_blocked, id=11860, stack(0x0000001350400000,0x0000001350500000)]
  0x0000016d59be5a50 JavaThread "surefire-forkedjvm-stream-flusher" daemon [_thread_blocked, id=3304, stack(0x0000001350500000,0x0000001350600000)]
=>0x0000016d59cf9a20 JavaThread "surefire-forkedjvm-command-thread" daemon [_thread_in_vm, id=10488, stack(0x0000001350600000,0x0000001350700000)]
  0x0000016d59d59dd0 JavaThread "C2 CompilerThread1" daemon [_thread_blocked, id=12060, stack(0x0000001350a00000,0x0000001350b00000)]

Other Threads:
  0x0000016d552f4140 VMThread "VM Thread" [stack: 0x000000134f800000,0x000000134f900000] [id=4760]
  0x0000016d5961bff0 WatcherThread "VM Periodic Task Thread" [stack: 0x0000001350300000,0x0000001350400000] [id=4312]
  0x0000016d3085a9b0 WorkerThread "GC Thread#0" [stack: 0x000000134f300000,0x000000134f400000] [id=14372]
  0x0000016d59d33450 WorkerThread "GC Thread#1" [stack: 0x0000001350700000,0x0000001350800000] [id=7592]
  0x0000016d59d33720 WorkerThread "GC Thread#2" [stack: 0x0000001350800000,0x0000001350900000] [id=12124]
  0x0000016d59d339f0 WorkerThread "GC Thread#3" [stack: 0x0000001350900000,0x0000001350a00000] [id=14620]
  0x0000016d3086b6e0 ConcurrentGCThread "G1 Main Marker" [stack: 0x000000134f400000,0x000000134f500000] [id=19084]
  0x0000016d3086c020 WorkerThread "G1 Conc#0" [stack: 0x000000134f500000,0x000000134f600000] [id=13420]
  0x0000016d551ac110 ConcurrentGCThread "G1 Refine#0" [stack: 0x000000134f600000,0x000000134f700000] [id=9000]
  0x0000016d551adb70 ConcurrentGCThread "G1 Service" [stack: 0x000000134f700000,0x000000134f800000] [id=1552]

Threads with active compile tasks:

VM state: not at safepoint (normal execution)

VM Mutex/Monitor currently owned by a thread:  ([mutex/lock_event])
[0x0000016d307e5bc0] Metaspace_lock - owner thread: 0x0000016d59cf9a20

Heap address: 0x0000000701400000, size: 4076 MB, Compressed Oops mode: Zero based, Oop shift amount: 3

CDS archive(s) mapped at: [0x0000000800000000-0x0000000800c40000-0x0000000800c40000), size 12845056, SharedBaseAddress: 0x0000000800000000, ArchiveRelocationMode: 0.
Compressed class space mapped at: 0x0000000801000000-0x0000000841000000, reserved size: 1073741824
Narrow klass base: 0x0000000800000000, Narrow klass shift: 0, Narrow klass range: 0x100000000

GC Precious Log:
 CardTable entry size: 512
 Card Set container configuration: InlinePtr #cards 4 size 8 Array Of Cards #cards 16 size 48 Howl #buckets 8 coarsen threshold 3686 Howl Bitmap #cards 512 size 80 coarsen threshold 460 Card regions per heap region 1 cards per card region 4096
 CPUs: 4 total, 4 available
 Memory: 16300M
 Large Page Support: Disabled
 NUMA Support: Disabled
 Compressed Oops: Enabled (Zero based)
 Heap Region Size: 2M
 Heap Min Capacity: 8M
 Heap Initial Capacity: 256M
 Heap Max Capacity: 4076M
 Pre-touch: Disabled
 Parallel Workers: 4
 Concurrent Workers: 1
 Concurrent Refinement Workers: 4
 Periodic GC: Disabled

Heap:
 garbage-first heap   total 262144K, used 10185K [0x0000000701400000, 0x0000000800000000)
  region size 2048K, 3 young (6144K), 1 survivors (2048K)
 Metaspace       used 5616K, committed 5696K, reserved 1114112K
  class space    used 662K, committed 704K, reserved 1048576K

Heap Regions: E=young(eden), S=young(survivor), O=old, HS=humongous(starts), HC=humongous(continues), CS=collection set, F=free, OA=open archive, CA=closed archive, TAMS=top-at-mark-start (previous, next)
|   0|0x0000000701400000, 0x0000000701600000, 0x0000000701600000|100%| O|  |TAMS 0x0000000701400000, 0x0000000701400000| Untracked 
|   1|0x0000000701600000, 0x0000000701800000, 0x0000000701800000|100%| O|  |TAMS 0x0000000701600000, 0x0000000701600000| Untracked 
|   2|0x0000000701800000, 0x0000000701a00000, 0x0000000701a00000|100%| O|  |TAMS 0x0000000701800000, 0x0000000701800000| Untracked 
|   3|0x0000000701a00000, 0x0000000701af2e00, 0x0000000701c00000| 47%| O|  |TAMS 0x0000000701a00000, 0x0000000701a00000| Untracked 
|   4|0x0000000701c00000, 0x0000000701c00000, 0x0000000701e00000|  0%| F|  |TAMS 0x0000000701c00000, 0x0000000701c00000| Untracked 
|   5|0x0000000701e00000, 0x0000000701e00000, 0x0000000702000000|  0%| F|  |TAMS 0x0000000701e00000, 0x0000000701e00000| Untracked 
|   6|0x0000000702000000, 0x0000000702000000, 0x0000000702200000|  0%| F|  |TAMS 0x0000000702000000, 0x0000000702000000| Untracked 
|   7|0x0000000702200000, 0x0000000702200000, 0x0000000702400000|  0%| F|  |TAMS 0x0000000702200000, 0x0000000702200000| Untracked 
|   8|0x0000000702400000, 0x0000000702400000, 0x0000000702600000|  0%| F|  |TAMS 0x0000000702400000, 0x0000000702400000| Untracked 
|   9|0x0000000702600000, 0x0000000702600000, 0x0000000702800000|  0%| F|  |TAMS 0x0000000702600000, 0x0000000702600000| Untracked 
|  10|0x0000000702800000, 0x0000000702800000, 0x0000000702a00000|  0%| F|  |TAMS 0x0000000702800000, 0x0000000702800000| Untracked 
|  11|0x0000000702a00000, 0x0000000702a00000, 0x0000000702c00000|  0%| F|  |TAMS 0x0000000702a00000, 0x0000000702a00000| Untracked 
|  12|0x0000000702c00000, 0x0000000702c00000, 0x0000000702e00000|  0%| F|  |TAMS 0x0000000702c00000, 0x0000000702c00000| Untracked 
|  13|0x0000000702e00000, 0x0000000702e00000, 0x0000000703000000|  0%| F|  |TAMS 0x0000000702e00000, 0x0000000702e00000| Untracked 
|  14|0x0000000703000000, 0x0000000703000000, 0x0000000703200000|  0%| F|  |TAMS 0x0000000703000000, 0x0000000703000000| Untracked 
|  15|0x0000000703200000, 0x0000000703200000, 0x0000000703400000|  0%| F|  |TAMS 0x0000000703200000, 0x0000000703200000| Untracked 
|  16|0x0000000703400000, 0x0000000703400000, 0x0000000703600000|  0%| F|  |TAMS 0x0000000703400000, 0x0000000703400000| Untracked 
|  17|0x0000000703600000, 0x0000000703600000, 0x0000000703800000|  0%| F|  |TAMS 0x0000000703600000, 0x0000000703600000| Untracked 
|  18|0x0000000703800000, 0x0000000703800000, 0x0000000703a00000|  0%| F|  |TAMS 0x0000000703800000, 0x0000000703800000| Untracked 
|  19|0x0000000703a00000, 0x0000000703a00000, 0x0000000703c00000|  0%| F|  |TAMS 0x0000000703a00000, 0x0000000703a00000| Untracked 
|  20|0x0000000703c00000, 0x0000000703c00000, 0x0000000703e00000|  0%| F|  |TAMS 0x0000000703c00000, 0x0000000703c00000| Untracked 
|  21|0x0000000703e00000, 0x0000000703e00000, 0x0000000704000000|  0%| F|  |TAMS 0x0000000703e00000, 0x0000000703e00000| Untracked 
|  22|0x0000000704000000, 0x0000000704000000, 0x0000000704200000|  0%| F|  |TAMS 0x0000000704000000, 0x0000000704000000| Untracked 
|  23|0x0000000704200000, 0x0000000704200000, 0x0000000704400000|  0%| F|  |TAMS 0x0000000704200000, 0x0000000704200000| Untracked 
|  24|0x0000000704400000, 0x0000000704400000, 0x0000000704600000|  0%| F|  |TAMS 0x0000000704400000, 0x0000000704400000| Untracked 
|  25|0x0000000704600000, 0x0000000704600000, 0x0000000704800000|  0%| F|  |TAMS 0x0000000704600000, 0x0000000704600000| Untracked 
|  26|0x0000000704800000, 0x0000000704800000, 0x0000000704a00000|  0%| F|  |TAMS 0x0000000704800000, 0x0000000704800000| Untracked 
|  27|0x0000000704a00000, 0x0000000704a00000, 0x0000000704c00000|  0%| F|  |TAMS 0x0000000704a00000, 0x0000000704a00000| Untracked 
|  28|0x0000000704c00000, 0x0000000704c00000, 0x0000000704e00000|  0%| F|  |TAMS 0x0000000704c00000, 0x0000000704c00000| Untracked 
|  29|0x0000000704e00000, 0x0000000704e00000, 0x0000000705000000|  0%| F|  |TAMS 0x0000000704e00000, 0x0000000704e00000| Untracked 
|  30|0x0000000705000000, 0x0000000705000000, 0x0000000705200000|  0%| F|  |TAMS 0x0000000705000000, 0x0000000705000000| Untracked 
|  31|0x0000000705200000, 0x0000000705200000, 0x0000000705400000|  0%| F|  |TAMS 0x0000000705200000, 0x0000000705200000| Untracked 
|  32|0x0000000705400000, 0x0000000705400000, 0x0000000705600000|  0%| F|  |TAMS 0x0000000705400000, 0x0000000705400000| Untracked 
|  33|0x0000000705600000, 0x0000000705600000, 0x0000000705800000|  0%| F|  |TAMS 0x0000000705600000, 0x0000000705600000| Untracked 
|  34|0x0000000705800000, 0x0000000705800000, 0x0000000705a00000|  0%| F|  |TAMS 0x0000000705800000, 0x0000000705800000| Untracked 
|  35|0x0000000705a00000, 0x0000000705a00000, 0x0000000705c00000|  0%| F|  |TAMS 0x0000000705a00000, 0x0000000705a00000| Untracked 
|  36|0x0000000705c00000, 0x0000000705c00000, 0x0000000705e00000|  0%| F|  |TAMS 0x0000000705c00000, 0x0000000705c00000| Untracked 
|  37|0x0000000705e00000, 0x0000000705e00000, 0x0000000706000000|  0%| F|  |TAMS 0x0000000705e00000, 0x0000000705e00000| Untracked 
|  38|0x0000000706000000, 0x0000000706000000, 0x0000000706200000|  0%| F|  |TAMS 0x0000000706000000, 0x0000000706000000| Untracked 
|  39|0x0000000706200000, 0x0000000706200000, 0x0000000706400000|  0%| F|  |TAMS 0x0000000706200000, 0x0000000706200000| Untracked 
|  40|0x0000000706400000, 0x0000000706400000, 0x0000000706600000|  0%| F|  |TAMS 0x0000000706400000, 0x0000000706400000| Untracked 
|  41|0x0000000706600000, 0x0000000706600000, 0x0000000706800000|  0%| F|  |TAMS 0x0000000706600000, 0x0000000706600000| Untracked 
|  42|0x0000000706800000, 0x0000000706800000, 0x0000000706a00000|  0%| F|  |TAMS 0x0000000706800000, 0x0000000706800000| Untracked 
|  43|0x0000000706a00000, 0x0000000706a00000, 0x0000000706c00000|  0%| F|  |TAMS 0x0000000706a00000, 0x0000000706a00000| Untracked 
|  44|0x0000000706c00000, 0x0000000706c00000, 0x0000000706e00000|  0%| F|  |TAMS 0x0000000706c00000, 0x0000000706c00000| Untracked 
|  45|0x0000000706e00000, 0x0000000706e00000, 0x0000000707000000|  0%| F|  |TAMS 0x0000000706e00000, 0x0000000706e00000| Untracked 
|  46|0x0000000707000000, 0x0000000707000000, 0x0000000707200000|  0%| F|  |TAMS 0x0000000707000000, 0x0000000707000000| Untracked 
|  47|0x0000000707200000, 0x0000000707200000, 0x0000000707400000|  0%| F|  |TAMS 0x0000000707200000, 0x0000000707200000| Untracked 
|  48|0x0000000707400000, 0x0000000707400000, 0x0000000707600000|  0%| F|  |TAMS 0x0000000707400000, 0x0000000707400000| Untracked 
|  49|0x0000000707600000, 0x0000000707600000, 0x0000000707800000|  0%| F|  |TAMS 0x0000000707600000, 0x0000000707600000| Untracked 
|  50|0x0000000707800000, 0x0000000707800000, 0x0000000707a00000|  0%| F|  |TAMS 0x0000000707800000, 0x0000000707800000| Untracked 
|  51|0x0000000707a00000, 0x0000000707a00000, 0x0000000707c00000|  0%| F|  |TAMS 0x0000000707a00000, 0x0000000707a00000| Untracked 
|  52|0x0000000707c00000, 0x0000000707c00000, 0x0000000707e00000|  0%| F|  |TAMS 0x0000000707c00000, 0x0000000707c00000| Untracked 
|  53|0x0000000707e00000, 0x0000000707e00000, 0x0000000708000000|  0%| F|  |TAMS 0x0000000707e00000, 0x0000000707e00000| Untracked 
|  54|0x0000000708000000, 0x0000000708000000, 0x0000000708200000|  0%| F|  |TAMS 0x0000000708000000, 0x0000000708000000| Untracked 
|  55|0x0000000708200000, 0x0000000708200000, 0x0000000708400000|  0%| F|  |TAMS 0x0000000708200000, 0x0000000708200000| Untracked 
|  56|0x0000000708400000, 0x0000000708400000, 0x0000000708600000|  0%| F|  |TAMS 0x0000000708400000, 0x0000000708400000| Untracked 
|  57|0x0000000708600000, 0x0000000708600000, 0x0000000708800000|  0%| F|  |TAMS 0x0000000708600000, 0x0000000708600000| Untracked 
|  58|0x0000000708800000, 0x0000000708800000, 0x0000000708a00000|  0%| F|  |TAMS 0x0000000708800000, 0x0000000708800000| Untracked 
|  59|0x0000000708a00000, 0x0000000708a00000, 0x0000000708c00000|  0%| F|  |TAMS 0x0000000708a00000, 0x0000000708a00000| Untracked 
|  60|0x0000000708c00000, 0x0000000708c00000, 0x0000000708e00000|  0%| F|  |TAMS 0x0000000708c00000, 0x0000000708c00000| Untracked 
|  61|0x0000000708e00000, 0x0000000708e00000, 0x0000000709000000|  0%| F|  |TAMS 0x0000000708e00000, 0x0000000708e00000| Untracked 
|  62|0x0000000709000000, 0x0000000709000000, 0x0000000709200000|  0%| F|  |TAMS 0x0000000709000000, 0x0000000709000000| Untracked 
|  63|0x0000000709200000, 0x0000000709200000, 0x0000000709400000|  0%| F|  |TAMS 0x0000000709200000, 0x0000000709200000| Untracked 
|  64|0x0000000709400000, 0x0000000709400000, 0x0000000709600000|  0%| F|  |TAMS 0x0000000709400000, 0x0000000709400000| Untracked 
|  65|0x0000000709600000, 0x0000000709600000, 0x0000000709800000|  0%| F|  |TAMS 0x0000000709600000, 0x0000000709600000| Untracked 
|  66|0x0000000709800000, 0x0000000709800000, 0x0000000709a00000|  0%| F|  |TAMS 0x0000000709800000, 0x0000000709800000| Untracked 
|  67|0x0000000709a00000, 0x0000000709a00000, 0x0000000709c00000|  0%| F|  |TAMS 0x0000000709a00000, 0x0000000709a00000| Untracked 
|  68|0x0000000709c00000, 0x0000000709c00000, 0x0000000709e00000|  0%| F|  |TAMS 0x0000000709c00000, 0x0000000709c00000| Untracked 
|  69|0x0000000709e00000, 0x0000000709e00000, 0x000000070a000000|  0%| F|  |TAMS 0x0000000709e00000, 0x0000000709e00000| Untracked 
|  70|0x000000070a000000, 0x000000070a000000, 0x000000070a200000|  0%| F|  |TAMS 0x000000070a000000, 0x000000070a000000| Untracked 
|  71|0x000000070a200000, 0x000000070a200000, 0x000000070a400000|  0%| F|  |TAMS 0x000000070a200000, 0x000000070a200000| Untracked 
|  72|0x000000070a400000, 0x000000070a400000, 0x000000070a600000|  0%| F|  |TAMS 0x000000070a400000, 0x000000070a400000| Untracked 
|  73|0x000000070a600000, 0x000000070a600000, 0x000000070a800000|  0%| F|  |TAMS 0x000000070a600000, 0x000000070a600000| Untracked 
|  74|0x000000070a800000, 0x000000070a800000, 0x000000070aa00000|  0%| F|  |TAMS 0x000000070a800000, 0x000000070a800000| Untracked 
|  75|0x000000070aa00000, 0x000000070aa00000, 0x000000070ac00000|  0%| F|  |TAMS 0x000000070aa00000, 0x000000070aa00000| Untracked 
|  76|0x000000070ac00000, 0x000000070ac00000, 0x000000070ae00000|  0%| F|  |TAMS 0x000000070ac00000, 0x000000070ac00000| Untracked 
|  77|0x000000070ae00000, 0x000000070ae00000, 0x000000070b000000|  0%| F|  |TAMS 0x000000070ae00000, 0x000000070ae00000| Untracked 
|  78|0x000000070b000000, 0x000000070b000000, 0x000000070b200000|  0%| F|  |TAMS 0x000000070b000000, 0x000000070b000000| Untracked 
|  79|0x000000070b200000, 0x000000070b200000, 0x000000070b400000|  0%| F|  |TAMS 0x000000070b200000, 0x000000070b200000| Untracked 
|  80|0x000000070b400000, 0x000000070b400000, 0x000000070b600000|  0%| F|  |TAMS 0x000000070b400000, 0x000000070b400000| Untracked 
|  81|0x000000070b600000, 0x000000070b600000, 0x000000070b800000|  0%| F|  |TAMS 0x000000070b600000, 0x000000070b600000| Untracked 
|  82|0x000000070b800000, 0x000000070b800000, 0x000000070ba00000|  0%| F|  |TAMS 0x000000070b800000, 0x000000070b800000| Untracked 
|  83|0x000000070ba00000, 0x000000070ba00000, 0x000000070bc00000|  0%| F|  |TAMS 0x000000070ba00000, 0x000000070ba00000| Untracked 
|  84|0x000000070bc00000, 0x000000070bc00000, 0x000000070be00000|  0%| F|  |TAMS 0x000000070bc00000, 0x000000070bc00000| Untracked 
|  85|0x000000070be00000, 0x000000070be00000, 0x000000070c000000|  0%| F|  |TAMS 0x000000070be00000, 0x000000070be00000| Untracked 
|  86|0x000000070c000000, 0x000000070c000000, 0x000000070c200000|  0%| F|  |TAMS 0x000000070c000000, 0x000000070c000000| Untracked 
|  87|0x000000070c200000, 0x000000070c200000, 0x000000070c400000|  0%| F|  |TAMS 0x000000070c200000, 0x000000070c200000| Untracked 
|  88|0x000000070c400000, 0x000000070c400000, 0x000000070c600000|  0%| F|  |TAMS 0x000000070c400000, 0x000000070c400000| Untracked 
|  89|0x000000070c600000, 0x000000070c600000, 0x000000070c800000|  0%| F|  |TAMS 0x000000070c600000, 0x000000070c600000| Untracked 
|  90|0x000000070c800000, 0x000000070c800000, 0x000000070ca00000|  0%| F|  |TAMS 0x000000070c800000, 0x000000070c800000| Untracked 
|  91|0x000000070ca00000, 0x000000070ca00000, 0x000000070cc00000|  0%| F|  |TAMS 0x000000070ca00000, 0x000000070ca00000| Untracked 
|  92|0x000000070cc00000, 0x000000070cc00000, 0x000000070ce00000|  0%| F|  |TAMS 0x000000070cc00000, 0x000000070cc00000| Untracked 
|  93|0x000000070ce00000, 0x000000070ce00000, 0x000000070d000000|  0%| F|  |TAMS 0x000000070ce00000, 0x000000070ce00000| Untracked 
|  94|0x000000070d000000, 0x000000070d000000, 0x000000070d200000|  0%| F|  |TAMS 0x000000070d000000, 0x000000070d000000| Untracked 
|  95|0x000000070d200000, 0x000000070d200000, 0x000000070d400000|  0%| F|  |TAMS 0x000000070d200000, 0x000000070d200000| Untracked 
|  96|0x000000070d400000, 0x000000070d400000, 0x000000070d600000|  0%| F|  |TAMS 0x000000070d400000, 0x000000070d400000| Untracked 
|  97|0x000000070d600000, 0x000000070d600000, 0x000000070d800000|  0%| F|  |TAMS 0x000000070d600000, 0x000000070d600000| Untracked 
|  98|0x000000070d800000, 0x000000070d800000, 0x000000070da00000|  0%| F|  |TAMS 0x000000070d800000, 0x000000070d800000| Untracked 
|  99|0x000000070da00000, 0x000000070da00000, 0x000000070dc00000|  0%| F|  |TAMS 0x000000070da00000, 0x000000070da00000| Untracked 
| 100|0x000000070dc00000, 0x000000070dc00000, 0x000000070de00000|  0%| F|  |TAMS 0x000000070dc00000, 0x000000070dc00000| Untracked 
| 101|0x000000070de00000, 0x000000070de00000, 0x000000070e000000|  0%| F|  |TAMS 0x000000070de00000, 0x000000070de00000| Untracked 
| 102|0x000000070e000000, 0x000000070e000000, 0x000000070e200000|  0%| F|  |TAMS 0x000000070e000000, 0x000000070e000000| Untracked 
| 103|0x000000070e200000, 0x000000070e200000, 0x000000070e400000|  0%| F|  |TAMS 0x000000070e200000, 0x000000070e200000| Untracked 
| 104|0x000000070e400000, 0x000000070e400000, 0x000000070e600000|  0%| F|  |TAMS 0x000000070e400000, 0x000000070e400000| Untracked 
| 105|0x000000070e600000, 0x000000070e600000, 0x000000070e800000|  0%| F|  |TAMS 0x000000070e600000, 0x000000070e600000| Untracked 
| 106|0x000000070e800000, 0x000000070e800000, 0x000000070ea00000|  0%| F|  |TAMS 0x000000070e800000, 0x000000070e800000| Untracked 
| 107|0x000000070ea00000, 0x000000070ea00000, 0x000000070ec00000|  0%| F|  |TAMS 0x000000070ea00000, 0x000000070ea00000| Untracked 
| 108|0x000000070ec00000, 0x000000070ec00000, 0x000000070ee00000|  0%| F|  |TAMS 0x000000070ec00000, 0x000000070ec00000| Untracked 
| 109|0x000000070ee00000, 0x000000070ee00000, 0x000000070f000000|  0%| F|  |TAMS 0x000000070ee00000, 0x000000070ee00000| Untracked 
| 110|0x000000070f000000, 0x000000070f000000, 0x000000070f200000|  0%| F|  |TAMS 0x000000070f000000, 0x000000070f000000| Untracked 
| 111|0x000000070f200000, 0x000000070f200000, 0x000000070f400000|  0%| F|  |TAMS 0x000000070f200000, 0x000000070f200000| Untracked 
| 112|0x000000070f400000, 0x000000070f400000, 0x000000070f600000|  0%| F|  |TAMS 0x000000070f400000, 0x000000070f400000| Untracked 
| 113|0x000000070f600000, 0x000000070f600000, 0x000000070f800000|  0%| F|  |TAMS 0x000000070f600000, 0x000000070f600000| Untracked 
| 114|0x000000070f800000, 0x000000070f800000, 0x000000070fa00000|  0%| F|  |TAMS 0x000000070f800000, 0x000000070f800000| Untracked 
| 115|0x000000070fa00000, 0x000000070fa00000, 0x000000070fc00000|  0%| F|  |TAMS 0x000000070fa00000, 0x000000070fa00000| Untracked 
| 116|0x000000070fc00000, 0x000000070fc00000, 0x000000070fe00000|  0%| F|  |TAMS 0x000000070fc00000, 0x000000070fc00000| Untracked 
| 117|0x000000070fe00000, 0x000000070fe00000, 0x0000000710000000|  0%| F|  |TAMS 0x000000070fe00000, 0x000000070fe00000| Untracked 
| 118|0x0000000710000000, 0x0000000710000000, 0x0000000710200000|  0%| F|  |TAMS 0x0000000710000000, 0x0000000710000000| Untracked 
| 119|0x0000000710200000, 0x0000000710200000, 0x0000000710400000|  0%| F|  |TAMS 0x0000000710200000, 0x0000000710200000| Untracked 
| 120|0x0000000710400000, 0x0000000710400000, 0x0000000710600000|  0%| F|  |TAMS 0x0000000710400000, 0x0000000710400000| Untracked 
| 121|0x0000000710600000, 0x0000000710600000, 0x0000000710800000|  0%| F|  |TAMS 0x0000000710600000, 0x0000000710600000| Untracked 
| 122|0x0000000710800000, 0x00000007108ff928, 0x0000000710a00000| 49%| S|CS|TAMS 0x0000000710800000, 0x0000000710800000| Complete 
| 123|0x0000000710a00000, 0x0000000710a00000, 0x0000000710c00000|  0%| F|  |TAMS 0x0000000710a00000, 0x0000000710a00000| Untracked 
| 124|0x0000000710c00000, 0x0000000710c00000, 0x0000000710e00000|  0%| F|  |TAMS 0x0000000710c00000, 0x0000000710c00000| Untracked 
| 125|0x0000000710e00000, 0x0000000710e00000, 0x0000000711000000|  0%| F|  |TAMS 0x0000000710e00000, 0x0000000710e00000| Untracked 
| 126|0x0000000711000000, 0x000000071113e7d8, 0x0000000711200000| 62%| E|  |TAMS 0x0000000711000000, 0x0000000711000000| Complete 
| 127|0x0000000711200000, 0x0000000711400000, 0x0000000711400000|100%| E|CS|TAMS 0x0000000711200000, 0x0000000711200000| Complete 

Card table byte_map: [0x0000016d49d80000,0x0000016d4a580000] _byte_map_base: 0x0000016d46576000

Marking Bits (Prev, Next): (CMBitMap*) 0x0000016d3085aef0, (CMBitMap*) 0x0000016d3085af30
 Prev Bits: [0x0000016d4ad80000, 0x0000016d4ed30000)
 Next Bits: [0x0000016d4ed30000, 0x0000016d52ce0000)

Polling page: 0x0000016d306a0000

Metaspace:

Usage:
  Non-class:      4.84 MB used.
      Class:    662.32 KB used.
       Both:      5.49 MB used.

Virtual space:
  Non-class space:       64.00 MB reserved,       4.88 MB (  8%) committed,  1 nodes.
      Class space:        1.00 GB reserved,     704.00 KB ( <1%) committed,  1 nodes.
             Both:        1.06 GB reserved,       5.56 MB ( <1%) committed. 

Chunk freelists:
   Non-Class:  1.75 MB
       Class:  3.32 MB
        Both:  5.07 MB

MaxMetaspaceSize: unlimited
CompressedClassSpaceSize: 1.00 GB
Initial GC threshold: 21.00 MB
Current GC threshold: 21.00 MB
CDS: on
MetaspaceReclaimPolicy: balanced
 - commit_granule_bytes: 65536.
 - commit_granule_words: 8192.
 - virtual_space_node_default_size: 8388608.
 - enlarge_chunks_in_place: 1.
 - new_chunks_are_fully_committed: 0.
 - uncommit_free_chunks: 1.
 - use_allocation_guard: 0.


Internal statistics:

num_allocs_failed_limit: 0.
num_arena_births: 82.
num_arena_deaths: 0.
num_vsnodes_births: 2.
num_vsnodes_deaths: 0.
num_space_committed: 89.
num_space_uncommitted: 0.
num_chunks_returned_to_freelist: 0.
num_chunks_taken_from_freelist: 253.
num_chunk_merges: 0.
num_chunk_splits: 137.
num_chunks_enlarged: 90.
num_inconsistent_stats: 0.

CodeHeap 'non-profiled nmethods': size=120000Kb used=398Kb max_used=398Kb free=119602Kb
 bounds [0x0000016d41a30000, 0x0000016d41ca0000, 0x0000016d48f60000]
CodeHeap 'profiled nmethods': size=120000Kb used=2535Kb max_used=2535Kb free=117464Kb
 bounds [0x0000016d39f60000, 0x0000016d3a1e0000, 0x0000016d41490000]
CodeHeap 'non-nmethods': size=5760Kb used=1245Kb max_used=1272Kb free=4514Kb
 bounds [0x0000016d41490000, 0x0000016d41700000, 0x0000016d41a30000]
 total_blobs=1714 nmethods=1257 adapters=368
 compilation: enabled
              stopped_count=0, restarted_count=0
 full_count=0

Compilation events (20 events):
Event: 1.882 Thread 0x0000016d5531acc0 1248       3       java.lang.invoke.MethodType$ConcurrentWeakInternSet::get (47 bytes)
Event: 1.882 Thread 0x0000016d5531acc0 nmethod 1248 0x0000016d3a1d5d90 code [0x0000016d3a1d5fa0, 0x0000016d3a1d67b8]
Event: 1.883 Thread 0x0000016d5531acc0 1249       3       java.nio.HeapByteBuffer::ix (7 bytes)
Event: 1.883 Thread 0x0000016d5531acc0 nmethod 1249 0x0000016d3a1d6a10 code [0x0000016d3a1d6ba0, 0x0000016d3a1d6cb8]
Event: 1.883 Thread 0x0000016d5531acc0 1250       3       java.nio.Buffer::nextGetIndex (30 bytes)
Event: 1.883 Thread 0x0000016d5531acc0 nmethod 1250 0x0000016d3a1d6d90 code [0x0000016d3a1d6f40, 0x0000016d3a1d7108]
Event: 1.883 Thread 0x0000016d5531acc0 1251       1       java.util.stream.Collectors$CollectorImpl::characteristics (5 bytes)
Event: 1.883 Thread 0x0000016d5531acc0 nmethod 1251 0x0000016d41a92b90 code [0x0000016d41a92d20, 0x0000016d41a92df8]
Event: 1.883 Thread 0x0000016d5531acc0 1252       1       java.util.ArrayList$ArrayListSpliterator::characteristics (4 bytes)
Event: 1.883 Thread 0x0000016d5531acc0 nmethod 1252 0x0000016d41a92e90 code [0x0000016d41a93020, 0x0000016d41a930f8]
Event: 1.884 Thread 0x0000016d5531acc0 1253       3       java.lang.invoke.MethodType$ConcurrentWeakInternSet::add (66 bytes)
Event: 1.884 Thread 0x0000016d5531acc0 nmethod 1253 0x0000016d3a1d7210 code [0x0000016d3a1d7460, 0x0000016d3a1d80e8]
Event: 1.889 Thread 0x0000016d5531acc0 1254       3       java.util.concurrent.locks.AbstractQueuedSynchronizer::<init> (5 bytes)
Event: 1.890 Thread 0x0000016d5531acc0 nmethod 1254 0x0000016d3a1d8490 code [0x0000016d3a1d8640, 0x0000016d3a1d87f8]
Event: 1.890 Thread 0x0000016d5531acc0 1255       3       jdk.internal.jimage.ImageLocation::verify (218 bytes)
Event: 1.890 Thread 0x0000016d553191f0 1256   !   4       jdk.internal.misc.ScopedMemoryAccess::getByte (16 bytes)
Event: 1.890 Thread 0x0000016d59d59dd0 1257   !   4       jdk.internal.misc.ScopedMemoryAccess::getByteInternal (34 bytes)
Event: 1.891 Thread 0x0000016d553191f0 nmethod 1256 0x0000016d41a93190 code [0x0000016d41a93320, 0x0000016d41a933d8]
Event: 1.891 Thread 0x0000016d59d59dd0 nmethod 1257 0x0000016d41a93510 code [0x0000016d41a936a0, 0x0000016d41a93758]
Event: 1.891 Thread 0x0000016d5531acc0 nmethod 1255 0x0000016d3a1d8910 code [0x0000016d3a1d8bc0, 0x0000016d3a1d98c8]

GC Heap History (4 events):
Event: 0.708 GC heap before
{Heap before GC invocations=0 (full 0):
 garbage-first heap   total 262144K, used 10240K [0x0000000701400000, 0x0000000800000000)
  region size 2048K, 6 young (12288K), 0 survivors (0K)
 Metaspace       used 1974K, committed 2112K, reserved 1114112K
  class space    used 178K, committed 256K, reserved 1048576K
}
Event: 0.718 GC heap after
{Heap after GC invocations=1 (full 0):
 garbage-first heap   total 262144K, used 7014K [0x0000000701400000, 0x0000000800000000)
  region size 2048K, 1 young (2048K), 1 survivors (2048K)
 Metaspace       used 1974K, committed 2112K, reserved 1114112K
  class space    used 178K, committed 256K, reserved 1048576K
}
Event: 1.686 GC heap before
{Heap before GC invocations=1 (full 0):
 garbage-first heap   total 262144K, used 17254K [0x0000000701400000, 0x0000000800000000)
  region size 2048K, 6 young (12288K), 1 survivors (2048K)
 Metaspace       used 4778K, committed 4992K, reserved 1114112K
  class space    used 541K, committed 640K, reserved 1048576K
}
Event: 1.689 GC heap after
{Heap after GC invocations=2 (full 0):
 garbage-first heap   total 262144K, used 8137K [0x0000000701400000, 0x0000000800000000)
  region size 2048K, 1 young (2048K), 1 survivors (2048K)
 Metaspace       used 4778K, committed 4992K, reserved 1114112K
  class space    used 541K, committed 640K, reserved 1048576K
}

Dll operation events (8 events):
Event: 0.018 Loaded shared library D:\Archivos de programa\Java\jdk-19\bin\java.dll
Event: 0.035 Loaded shared library D:\Archivos de programa\Java\jdk-19\bin\jsvml.dll
Event: 0.179 Loaded shared library D:\Archivos de programa\Java\jdk-19\bin\net.dll
Event: 0.181 Loaded shared library D:\Archivos de programa\Java\jdk-19\bin\nio.dll
Event: 0.185 Loaded shared library D:\Archivos de programa\Java\jdk-19\bin\zip.dll
Event: 0.328 Loaded shared library D:\Archivos de programa\Java\jdk-19\bin\management.dll
Event: 0.335 Loaded shared library D:\Archivos de programa\Java\jdk-19\bin\management_ext.dll
Event: 0.366 Loaded shared library D:\Archivos de programa\Java\jdk-19\bin\jimage.dll

Deoptimization events (20 events):
Event: 0.729 Thread 0x0000016d307eb230 Uncommon trap: trap_request=0xffffff45 fr.pc=0x0000016d41a38a58 relative=0x0000000000000218
Event: 0.729 Thread 0x0000016d307eb230 Uncommon trap: reason=unstable_if action=reinterpret pc=0x0000016d41a38a58 method=java.lang.AbstractStringBuilder.isLatin1()Z @ 10 c2
Event: 0.729 Thread 0x0000016d307eb230 DEOPT PACKING pc=0x0000016d41a38a58 sp=0x000000134f2fe6d0
Event: 0.729 Thread 0x0000016d307eb230 DEOPT UNPACKING pc=0x0000016d414f6da3 sp=0x000000134f2fe640 mode 2
Event: 0.805 Thread 0x0000016d307eb230 DEOPT PACKING pc=0x0000016d39fccb5e sp=0x000000134f2fc660
Event: 0.805 Thread 0x0000016d307eb230 DEOPT UNPACKING pc=0x0000016d414f7543 sp=0x000000134f2fbb38 mode 0
Event: 0.825 Thread 0x0000016d307eb230 Uncommon trap: trap_request=0xffffff45 fr.pc=0x0000016d41a52f74 relative=0x00000000000000d4
Event: 0.825 Thread 0x0000016d307eb230 Uncommon trap: reason=unstable_if action=reinterpret pc=0x0000016d41a52f74 method=java.util.concurrent.locks.ReentrantLock$Sync.tryRelease(I)Z @ 26 c2
Event: 0.825 Thread 0x0000016d307eb230 DEOPT PACKING pc=0x0000016d41a52f74 sp=0x000000134f2fe8e0
Event: 0.825 Thread 0x0000016d307eb230 DEOPT UNPACKING pc=0x0000016d414f6da3 sp=0x000000134f2fe880 mode 2
Event: 0.939 Thread 0x0000016d307eb230 DEOPT PACKING pc=0x0000016d39f902f6 sp=0x000000134f2fd110
Event: 0.939 Thread 0x0000016d307eb230 DEOPT UNPACKING pc=0x0000016d414f7543 sp=0x000000134f2fc5d0 mode 0
Event: 1.260 Thread 0x0000016d307eb230 DEOPT PACKING pc=0x0000016d39fe2dbe sp=0x000000134f2fcf90
Event: 1.260 Thread 0x0000016d307eb230 DEOPT UNPACKING pc=0x0000016d414f7543 sp=0x000000134f2fc408 mode 0
Event: 1.763 Thread 0x0000016d307eb230 DEOPT PACKING pc=0x0000016d3a0688b1 sp=0x000000134f2fc990
Event: 1.763 Thread 0x0000016d307eb230 DEOPT UNPACKING pc=0x0000016d414f7543 sp=0x000000134f2fbe98 mode 0
Event: 1.890 Thread 0x0000016d59cf9a20 Uncommon trap: trap_request=0xffffff45 fr.pc=0x0000016d41a875ec relative=0x0000000000000dcc
Event: 1.890 Thread 0x0000016d59cf9a20 Uncommon trap: reason=unstable_if action=reinterpret pc=0x0000016d41a875ec method=java.util.concurrent.ConcurrentHashMap.putVal(Ljava/lang/Object;Ljava/lang/Object;Z)Ljava/lang/Object; @ 148 c2
Event: 1.890 Thread 0x0000016d59cf9a20 DEOPT PACKING pc=0x0000016d41a875ec sp=0x00000013506ff160
Event: 1.890 Thread 0x0000016d59cf9a20 DEOPT UNPACKING pc=0x0000016d414f6da3 sp=0x00000013506ff0e0 mode 2

Classes loaded (20 events):
Event: 1.881 Loading class java/io/FileOutputStream$1 done
Event: 1.883 Loading class java/nio/StringCharBuffer
Event: 1.883 Loading class java/nio/StringCharBuffer done
Event: 1.883 Loading class java/io/InterruptedIOException
Event: 1.883 Loading class java/io/InterruptedIOException done
Event: 1.888 Loading class java/util/concurrent/ConcurrentSkipListMap$KeySet
Event: 1.888 Loading class java/util/concurrent/ConcurrentSkipListMap$KeySet done
Event: 1.888 Loading class java/util/concurrent/ConcurrentSkipListMap$KeyIterator
Event: 1.889 Loading class java/util/concurrent/ConcurrentSkipListMap$Iter
Event: 1.889 Loading class java/util/concurrent/ConcurrentSkipListMap$Iter done
Event: 1.889 Loading class java/util/concurrent/ConcurrentSkipListMap$KeyIterator done
Event: 1.889 Loading class java/net/InetAddress$NameServiceAddresses
Event: 1.889 Loading class java/net/InetAddress$Addresses
Event: 1.889 Loading class java/net/InetAddress$Addresses done
Event: 1.889 Loading class java/net/InetAddress$NameServiceAddresses done
Event: 1.890 Loading class java/net/spi/InetAddressResolverProvider
Event: 1.890 Loading class java/net/spi/InetAddressResolverProvider done
Event: 1.895 Loading class java/net/UnknownHostException
Event: 1.895 Loading class java/net/UnknownHostException done
Event: 1.895 Loading class sun/net/InetAddressCachePolicy

Classes unloaded (0 events):
No events

Classes redefined (0 events):
No events

Internal exceptions (20 events):
Event: 1.485 Thread 0x0000016d307eb230 Exception <a 'java/lang/NoSuchMethodError'{0x0000000710a16988}: 'java.lang.Object java.lang.invoke.DirectMethodHandle$Holder.invokeInterface(java.lang.Object, java.lang.Object, java.lang.Object)'> (0x0000000710a16988) 
thrown [s\open\src\hotspot\share\interpreter\linkResolver.cpp, line 774]
Event: 1.516 Thread 0x0000016d307eb230 Exception <a 'java/lang/NoSuchMethodError'{0x0000000710a63ab0}: 'void java.lang.invoke.DirectMethodHandle$Holder.invokeInterface(java.lang.Object, java.lang.Object, java.lang.Object)'> (0x0000000710a63ab0) 
thrown [s\open\src\hotspot\share\interpreter\linkResolver.cpp, line 774]
Event: 1.529 Thread 0x0000016d307eb230 Exception <a 'java/lang/NoSuchMethodError'{0x0000000710aab938}: 'java.lang.Object java.lang.invoke.DirectMethodHandle$Holder.newInvokeSpecial(java.lang.Object, java.lang.Object, java.lang.Object, java.lang.Object, java.lang.Object, java.lang.Object)'> (0x0000000710aab938) 
thrown [s\open\src\hotspot\share\interpreter\linkResolver.cpp, line 774]
Event: 1.538 Thread 0x0000016d307eb230 Exception <a 'java/lang/NoSuchMethodError'{0x0000000710aed460}: 'void java.lang.invoke.DirectMethodHandle$Holder.invokeInterface(java.lang.Object, java.lang.Object, java.lang.Object, java.lang.Object, java.lang.Object)'> (0x0000000710aed460) 
thrown [s\open\src\hotspot\share\interpreter\linkResolver.cpp, line 774]
Event: 1.539 Thread 0x0000016d307eb230 Exception <a 'java/lang/IncompatibleClassChangeError'{0x0000000710af13e8}: Found class java.lang.Object, but interface was expected> (0x0000000710af13e8) 
thrown [s\open\src\hotspot\share\interpreter\linkResolver.cpp, line 841]
Event: 1.556 Thread 0x0000016d307eb230 Exception <a 'java/lang/IncompatibleClassChangeError'{0x0000000710b1ad80}: Found class java.lang.Object, but interface was expected> (0x0000000710b1ad80) 
thrown [s\open\src\hotspot\share\interpreter\linkResolver.cpp, line 841]
Event: 1.593 Thread 0x0000016d307eb230 Exception <a 'java/lang/NoSuchMethodError'{0x0000000710b37250}: 'java.lang.Object java.lang.invoke.DirectMethodHandle$Holder.invokeStatic(java.lang.Object, java.lang.Object, int)'> (0x0000000710b37250) 
thrown [s\open\src\hotspot\share\interpreter\linkResolver.cpp, line 774]
Event: 1.626 Thread 0x0000016d307eb230 Exception <a 'java/lang/NoSuchMethodError'{0x0000000710b8d6b8}: 'void java.lang.invoke.DirectMethodHandle$Holder.invokeSpecial(java.lang.Object, java.lang.Object, java.lang.Object, java.lang.Object, java.lang.Object)'> (0x0000000710b8d6b8) 
thrown [s\open\src\hotspot\share\interpreter\linkResolver.cpp, line 774]
Event: 1.674 Thread 0x0000016d307eb230 Exception <a 'java/lang/NoSuchMethodError'{0x0000000710be9e70}: 'long java.lang.invoke.DirectMethodHandle$Holder.invokeSpecial(java.lang.Object, java.lang.Object)'> (0x0000000710be9e70) 
thrown [s\open\src\hotspot\share\interpreter\linkResolver.cpp, line 774]
Event: 1.677 Thread 0x0000016d307eb230 Exception <a 'java/lang/NoSuchMethodError'{0x0000000710bed630}: 'long java.lang.invoke.Invokers$Holder.invokeExact_MT(java.lang.Object, java.lang.Object)'> (0x0000000710bed630) 
thrown [s\open\src\hotspot\share\interpreter\linkResolver.cpp, line 774]
Event: 1.716 Thread 0x0000016d307eb230 Exception <a 'java/lang/NoSuchMethodError'{0x0000000711265880}: 'void java.lang.invoke.DirectMethodHandle$Holder.invokeInterface(java.lang.Object, java.lang.Object, java.lang.Object, java.lang.Object)'> (0x0000000711265880) 
thrown [s\open\src\hotspot\share\interpreter\linkResolver.cpp, line 774]
Event: 1.716 Thread 0x0000016d307eb230 Exception <a 'java/lang/IncompatibleClassChangeError'{0x00000007112691b0}: Found class java.lang.Object, but interface was expected> (0x00000007112691b0) 
thrown [s\open\src\hotspot\share\interpreter\linkResolver.cpp, line 841]
Event: 1.724 Thread 0x0000016d307eb230 Exception <a 'java/lang/NoSuchMethodError'{0x00000007112947e8}: 'void java.lang.invoke.DirectMethodHandle$Holder.invokeStatic(java.lang.Object, java.lang.Object, java.lang.Object, java.lang.Object)'> (0x00000007112947e8) 
thrown [s\open\src\hotspot\share\interpreter\linkResolver.cpp, line 774]
Event: 1.753 Thread 0x0000016d307eb230 Exception <a 'java/lang/NoSuchMethodError'{0x00000007113077c0}: 'int java.lang.invoke.DirectMethodHandle$Holder.invokeStatic(java.lang.Object, java.lang.Object, java.lang.Object, java.lang.Object)'> (0x00000007113077c0) 
thrown [s\open\src\hotspot\share\interpreter\linkResolver.cpp, line 774]
Event: 1.754 Thread 0x0000016d307eb230 Exception <a 'java/lang/NoSuchMethodError'{0x000000071130b100}: 'java.lang.Object java.lang.invoke.Invokers$Holder.invokeExact_MT(java.lang.Object, java.lang.Object, java.lang.Object, java.lang.Object, java.lang.Object, java.lang.Object)'> (0x000000071130b100) 
thrown [s\open\src\hotspot\share\interpreter\linkResolver.cpp, line 774]
Event: 1.757 Thread 0x0000016d307eb230 Exception <a 'java/lang/NoSuchMethodError'{0x000000071131a940}: 'int java.lang.invoke.DirectMethodHandle$Holder.invokeStatic(java.lang.Object, java.lang.Object, java.lang.Object, java.lang.Object, java.lang.Object)'> (0x000000071131a940) 
thrown [s\open\src\hotspot\share\interpreter\linkResolver.cpp, line 774]
Event: 1.788 Thread 0x0000016d307eb230 Exception <a 'java/lang/NoSuchMethodError'{0x0000000711373440}: 'void java.lang.invoke.DirectMethodHandle$Holder.invokeStaticInit(java.lang.Object)'> (0x0000000711373440) 
thrown [s\open\src\hotspot\share\interpreter\linkResolver.cpp, line 774]
Event: 1.849 Thread 0x0000016d307eb230 Exception <a 'java/lang/NoSuchMethodError'{0x00000007110729b0}: 'int java.lang.invoke.DirectMethodHandle$Holder.invokeStaticInit(java.lang.Object, java.lang.Object)'> (0x00000007110729b0) 
thrown [s\open\src\hotspot\share\interpreter\linkResolver.cpp, line 774]
Event: 1.883 Thread 0x0000016d59cf9a20 Exception <a 'java/io/IOException'{0x00000007110fff18}> (0x00000007110fff18) 
thrown [s\open\src\hotspot\share\prims\jni.cpp, line 517]
Event: 1.895 Thread 0x0000016d59cf9a20 Exception <a 'java/net/UnknownHostException'{0x0000000711106960}> (0x0000000711106960) 
thrown [s\open\src\hotspot\share\prims\jni.cpp, line 517]

VM Operations (20 events):
Event: 0.518 Executing VM operation: HandshakeAllThreads
Event: 0.518 Executing VM operation: HandshakeAllThreads done
Event: 0.702 Executing VM operation: HandshakeAllThreads
Event: 0.702 Executing VM operation: HandshakeAllThreads done
Event: 0.708 Executing VM operation: G1CollectForAllocation
Event: 0.718 Executing VM operation: G1CollectForAllocation done
Event: 0.718 Executing VM operation: HandshakeAllThreads
Event: 0.718 Executing VM operation: HandshakeAllThreads done
Event: 0.840 Executing VM operation: HandshakeAllThreads
Event: 0.840 Executing VM operation: HandshakeAllThreads done
Event: 1.647 Executing VM operation: HandshakeAllThreads
Event: 1.647 Executing VM operation: HandshakeAllThreads done
Event: 1.672 Executing VM operation: HandshakeAllThreads
Event: 1.672 Executing VM operation: HandshakeAllThreads done
Event: 1.686 Executing VM operation: G1CollectForAllocation
Event: 1.689 Executing VM operation: G1CollectForAllocation done
Event: 1.864 Executing VM operation: HandshakeAllThreads
Event: 1.864 Executing VM operation: HandshakeAllThreads done
Event: 1.866 Executing VM operation: HandshakeAllThreads
Event: 1.867 Executing VM operation: HandshakeAllThreads done

Events (15 events):
Event: 0.035 Thread 0x0000016d307eb230 Thread added: 0x0000016d307eb230
Event: 0.122 Thread 0x0000016d55311ec0 Thread added: 0x0000016d55311ec0
Event: 0.122 Thread 0x0000016d55312e50 Thread added: 0x0000016d55312e50
Event: 0.123 Thread 0x0000016d55316a00 Thread added: 0x0000016d55316a00
Event: 0.124 Thread 0x0000016d55317330 Thread added: 0x0000016d55317330
Event: 0.124 Thread 0x0000016d55317c60 Thread added: 0x0000016d55317c60
Event: 0.124 Thread 0x0000016d55318590 Thread added: 0x0000016d55318590
Event: 0.124 Thread 0x0000016d553191f0 Thread added: 0x0000016d553191f0
Event: 0.134 Thread 0x0000016d5531acc0 Thread added: 0x0000016d5531acc0
Event: 0.144 Thread 0x0000016d59550040 Thread added: 0x0000016d59550040
Event: 0.171 Thread 0x0000016d59613e60 Thread added: 0x0000016d59613e60
Event: 0.175 Thread 0x0000016d5961c450 Thread added: 0x0000016d5961c450
Event: 0.539 Thread 0x0000016d59be5a50 Thread added: 0x0000016d59be5a50
Event: 0.559 Thread 0x0000016d59cf9a20 Thread added: 0x0000016d59cf9a20
Event: 0.970 Thread 0x0000016d59d59dd0 Thread added: 0x0000016d59d59dd0


Dynamic libraries:
0x00007ff6fcfd0000 - 0x00007ff6fcfe0000 	D:\Archivos de programa\Java\jdk-19\bin\java.exe
0x00007ff86a950000 - 0x00007ff86ab67000 	C:\Windows\SYSTEM32\ntdll.dll
0x00007ff868e90000 - 0x00007ff868f54000 	C:\Windows\System32\KERNEL32.DLL
0x00007ff867df0000 - 0x00007ff868196000 	C:\Windows\System32\KERNELBASE.dll
0x00007ff867cd0000 - 0x00007ff867de1000 	C:\Windows\System32\ucrtbase.dll
0x00007ff857bc0000 - 0x00007ff857bd8000 	D:\Archivos de programa\Java\jdk-19\bin\jli.dll
0x00007ff86a220000 - 0x00007ff86a2d0000 	C:\Windows\System32\ADVAPI32.dll
0x00007ff869320000 - 0x00007ff8693c7000 	C:\Windows\System32\msvcrt.dll
0x00007ff8687a0000 - 0x00007ff868846000 	C:\Windows\System32\sechost.dll
0x00007ff858f80000 - 0x00007ff858f9b000 	D:\Archivos de programa\Java\jdk-19\bin\VCRUNTIME140.dll
0x00007ff869120000 - 0x00007ff869237000 	C:\Windows\System32\RPCRT4.dll
0x00007ff86a750000 - 0x00007ff86a8fd000 	C:\Windows\System32\USER32.dll
0x00007ff868260000 - 0x00007ff868286000 	C:\Windows\System32\win32u.dll
0x00007ff86a1f0000 - 0x00007ff86a219000 	C:\Windows\System32\GDI32.dll
0x00007ff868290000 - 0x00007ff8683a8000 	C:\Windows\System32\gdi32full.dll
0x00007ff8684a0000 - 0x00007ff86853a000 	C:\Windows\System32\msvcp_win.dll
0x00007ff84a010000 - 0x00007ff84a2a3000 	C:\Windows\WinSxS\amd64_microsoft.windows.common-controls_6595b64144ccf1df_6.0.22621.2361_none_2712ced57382f843\COMCTL32.dll
0x00007ff860ba0000 - 0x00007ff860baa000 	C:\Windows\SYSTEM32\VERSION.dll
0x00007ff869500000 - 0x00007ff869531000 	C:\Windows\System32\IMM32.DLL
0x00007ff861f30000 - 0x00007ff861f3c000 	D:\Archivos de programa\Java\jdk-19\bin\vcruntime140_1.dll
0x00007ff8573d0000 - 0x00007ff85745e000 	D:\Archivos de programa\Java\jdk-19\bin\msvcp140.dll
0x00007ff81c0c0000 - 0x00007ff81cd80000 	D:\Archivos de programa\Java\jdk-19\bin\server\jvm.dll
0x00007ff855400000 - 0x00007ff855409000 	C:\Windows\SYSTEM32\WSOCK32.dll
0x00007ff869540000 - 0x00007ff8695b1000 	C:\Windows\System32\WS2_32.dll
0x00007ff8606e0000 - 0x00007ff860714000 	C:\Windows\SYSTEM32\WINMM.dll
0x00007ff866d10000 - 0x00007ff866d28000 	C:\Windows\SYSTEM32\kernel.appcore.dll
0x00007ff861bf0000 - 0x00007ff861bfa000 	D:\Archivos de programa\Java\jdk-19\bin\jimage.dll
0x00007ff865530000 - 0x00007ff86575e000 	C:\Windows\SYSTEM32\DBGHELP.DLL
0x00007ff868850000 - 0x00007ff868bda000 	C:\Windows\System32\combase.dll
0x00007ff868db0000 - 0x00007ff868e87000 	C:\Windows\System32\OLEAUT32.dll
0x00007ff850ad0000 - 0x00007ff850b02000 	C:\Windows\SYSTEM32\dbgcore.DLL
0x00007ff8683b0000 - 0x00007ff86842a000 	C:\Windows\System32\bcryptPrimitives.dll
0x00007ff858ad0000 - 0x00007ff858af6000 	D:\Archivos de programa\Java\jdk-19\bin\java.dll
0x00007ff8523d0000 - 0x00007ff8524a7000 	D:\Archivos de programa\Java\jdk-19\bin\jsvml.dll
0x00007ff869670000 - 0x00007ff869ec8000 	C:\Windows\System32\SHELL32.dll
0x00007ff865c30000 - 0x00007ff866522000 	C:\Windows\SYSTEM32\windows.storage.dll
0x00007ff865760000 - 0x00007ff86589e000 	C:\Windows\SYSTEM32\wintypes.dll
0x00007ff8693f0000 - 0x00007ff8694e3000 	C:\Windows\System32\SHCORE.dll
0x00007ff869240000 - 0x00007ff86929e000 	C:\Windows\System32\shlwapi.dll
0x00007ff867c00000 - 0x00007ff867c26000 	C:\Windows\SYSTEM32\profapi.dll
0x00007ff858d70000 - 0x00007ff858d83000 	D:\Archivos de programa\Java\jdk-19\bin\net.dll
0x00007ff860220000 - 0x00007ff860357000 	C:\Windows\SYSTEM32\WINHTTP.dll
0x00007ff867190000 - 0x00007ff8671f9000 	C:\Windows\system32\mswsock.dll
0x00007ff858d20000 - 0x00007ff858d36000 	D:\Archivos de programa\Java\jdk-19\bin\nio.dll
0x00007ff858c30000 - 0x00007ff858c48000 	D:\Archivos de programa\Java\jdk-19\bin\zip.dll
0x00007ff861f20000 - 0x00007ff861f2a000 	D:\Archivos de programa\Java\jdk-19\bin\management.dll
0x00007ff861f10000 - 0x00007ff861f1b000 	D:\Archivos de programa\Java\jdk-19\bin\management_ext.dll
0x00007ff86a900000 - 0x00007ff86a908000 	C:\Windows\System32\PSAPI.DLL
0x00007ff84a700000 - 0x00007ff84a717000 	C:\Windows\system32\napinsp.dll
0x00007ff84a2b0000 - 0x00007ff84a2cb000 	C:\Windows\system32\pnrpnsp.dll
0x00007ff849ff0000 - 0x00007ff84a001000 	C:\Windows\System32\winrnr.dll
0x00007ff849fb0000 - 0x00007ff849fc5000 	C:\Windows\system32\wshbth.dll

dbghelp: loaded successfully - version: 4.0.5 - missing functions: none
symbol engine: initialized successfully - sym options: 0x614 - pdb path: .;D:\Archivos de programa\Java\jdk-19\bin;C:\Windows\SYSTEM32;C:\Windows\WinSxS\amd64_microsoft.windows.common-controls_6595b64144ccf1df_6.0.22621.2361_none_2712ced57382f843;D:\Archivos de programa\Java\jdk-19\bin\server

VM Arguments:
java_command: C:\Users\RouryR\AppData\Local\Temp\surefire8091844301368643054\surefirebooter-20231104224623071_3.jar C:\Users\RouryR\AppData\Local\Temp\surefire8091844301368643054 2023-11-04T22-46-22_810-jvmRun1 surefire-20231104224623071_1tmp surefire_0-20231104224623071_2tmp
java_class_path (initial): C:\Users\RouryR\AppData\Local\Temp\surefire8091844301368643054\surefirebooter-20231104224623071_3.jar
Launcher Type: SUN_STANDARD

[Global flags]
     intx CICompilerCount                          = 3                                         {product} {ergonomic}
     uint ConcGCThreads                            = 1                                         {product} {ergonomic}
     uint G1ConcRefinementThreads                  = 4                                         {product} {ergonomic}
   size_t G1HeapRegionSize                         = 2097152                                   {product} {ergonomic}
    uintx GCDrainStackTargetSize                   = 64                                        {product} {ergonomic}
   size_t InitialHeapSize                          = 268435456                                 {product} {ergonomic}
   size_t MarkStackSize                            = 4194304                                   {product} {ergonomic}
   size_t MaxHeapSize                              = 4273995776                                {product} {ergonomic}
   size_t MaxNewSize                               = 2562719744                                {product} {ergonomic}
   size_t MinHeapDeltaBytes                        = 2097152                                   {product} {ergonomic}
   size_t MinHeapSize                              = 8388608                                   {product} {ergonomic}
    uintx NonNMethodCodeHeapSize                   = 5832780                                {pd product} {ergonomic}
    uintx NonProfiledCodeHeapSize                  = 122912730                              {pd product} {ergonomic}
    uintx ProfiledCodeHeapSize                     = 122912730                              {pd product} {ergonomic}
    uintx ReservedCodeCacheSize                    = 251658240                              {pd product} {ergonomic}
     bool SegmentedCodeCache                       = true                                      {product} {ergonomic}
   size_t SoftMaxHeapSize                          = 4273995776                             {manageable} {ergonomic}
     bool UseCompressedClassPointers               = true                           {product lp64_product} {ergonomic}
     bool UseCompressedOops                        = true                           {product lp64_product} {ergonomic}
     bool UseG1GC                                  = true                                      {product} {ergonomic}
     bool UseLargePagesIndividualAllocation        = false                                  {pd product} {ergonomic}

Logging:
Log output configuration:
 #0: stdout all=warning uptime,level,tags foldmultilines=false
 #1: stderr all=off uptime,level,tags foldmultilines=false

Environment Variables:
JAVA_HOME=D:\Archivos de programa\Java\jdk-19
PATH=C:\Program Files\Common Files\Oracle\Java\javapath;C:\Program Files (x86)\Common Files\Oracle\Java\javapath;D:\Archivos de programa\Eclipse Adoptium\jdk-17.0.6.10-hotspot\bin;C:\Windows\system32;C:\Windows;C:\Windows\System32\Wbem;C:\Windows\System32\WindowsPowerShell\v1.0\;C:\Windows\System32\OpenSSH\;C:\Program Files\nodejs\;C:\Program Files (x86)\dotnet\;C:\Program Files\Git\cmd;C:\Program Files\PowerShell\7\;C:\Program Files\MySQL\MySQL Shell 8.0\bin\;C:\Users\RouryR\AppData\Local\Microsoft\WindowsApps;D:\Archivos de programa\Microsoft VS Code\bin;C:\Users\RouryR\AppData\Roaming\npm;C:\Users\RouryR\AppData\Local\GitHubDesktop\bin
USERNAME=RouryR
OS=Windows_NT
PROCESSOR_IDENTIFIER=Intel64 Family 6 Model 142 Stepping 9, GenuineIntel
TMP=C:\Users\RouryR\AppData\Local\Temp
TEMP=C:\Users\RouryR\AppData\Local\Temp



---------------  S Y S T E M  ---------------

OS:
 Windows 11 , 64 bit Build 22621 (10.0.22621.2428)
OS uptime: 24 days 1:06 hours

CPU: total 4 (initial active 4) (2 cores per cpu, 2 threads per core) family 6 model 142 stepping 9 microcode 0xde, cx8, cmov, fxsr, ht, mmx, 3dnowpref, sse, sse2, sse3, ssse3, sse4.1, sse4.2, popcnt, lzcnt, tsc, tscinvbit, avx, avx2, aes, erms, clmul, bmi1, bmi2, adx, fma, vzeroupper, clflush, clflushopt, rdtscp

Memory: 4k page, system-wide physical 16300M (5203M free)
TotalPageFile size 18348M (AvailPageFile size 294M)
current process WorkingSet (physical memory assigned to process): 77M, peak: 77M
current process commit charge ("private bytes"): 355M, peak: 355M

vm_info: Java HotSpot(TM) 64-Bit Server VM (19.0.2+7-44) for windows-amd64 JRE (19.0.2+7-44), built on 2022-11-30T18:02:09Z by "mach5one" with MS VC++ 17.1 (VS2022)

END.
