#
# There is insufficient memory for the Java Runtime Environment to continue.
# Native memory allocation (malloc) failed to allocate 32744 bytes for Chunk::new
# Possible reasons:
#   The system is out of physical RAM or swap space
#   The process is running with CompressedOops enabled, and the Java Heap may be blocking the growth of the native heap
# Possible solutions:
#   Reduce memory load on the system
#   Increase physical memory or swap space
#   Check if swap backing store is full
#   Decrease Java heap size (-Xmx/-Xms)
#   Decrease number of Java threads
#   Decrease Java thread stack sizes (-Xss)
#   Set larger code cache with -XX:ReservedCodeCacheSize=
#   JVM is running with Zero Based Compressed Oops mode in which the Java heap is
#     placed in the first 32GB address space. The Java Heap base address is the
#     maximum limit for the native heap growth. Please use -XX:HeapBaseMinAddress
#     to set the Java Heap base and to place the Java Heap above 32GB virtual address.
# This output file may be truncated or incomplete.
#
#  Out of Memory Error (arena.cpp:184), pid=12000, tid=7828
#
# JRE version: Java(TM) SE Runtime Environment (19.0.2+7) (build 19.0.2+7-44)
# Java VM: Java HotSpot(TM) 64-Bit Server VM (19.0.2+7-44, mixed mode, sharing, tiered, compressed oops, compressed class ptrs, g1 gc, windows-amd64)
# No core dump will be written. Minidumps are not enabled by default on client versions of Windows
#

---------------  S U M M A R Y ------------

Command Line: -Dclassworlds.conf=D:\Archivos de programa\NetBeans-18\netbeans\java\maven\bin\m2.conf -Dmaven.home=D:\Archivos de programa\NetBeans-18\netbeans\java\maven -Dlibrary.jansi.path=D:\Archivos de programa\NetBeans-18\netbeans\java\maven\lib\jansi-native -Dmaven.multiModuleProjectDirectory=C:\Users\RouryR\Documents\GitHub\SC-403-DAWP_Grupo2\Escalibur_Tech org.codehaus.plexus.classworlds.launcher.Launcher -Dmaven.ext.class.path=D:\Archivos de programa\NetBeans-18\netbeans\java\maven-nblib\netbeans-eventspy.jar --no-transfer-progress clean install

Host: Intel(R) Core(TM) i7-7500U CPU @ 2.70GHz, 4 cores, 15G,  Windows 11 , 64 bit Build 22621 (10.0.22621.2428)
Time: Sat Nov  4 22:46:25 2023 Hora estándar central (México) elapsed time: 18.802201 seconds (0d 0h 0m 18s)

---------------  T H R E A D  ---------------

Current thread (0x000001e279d2e830):  JavaThread "C2 CompilerThread1" daemon [_thread_in_native, id=7828, stack(0x0000007374600000,0x0000007374700000)]


Current CompileTask:
C2:  18802 6723   !   4       java.lang.ClassLoader::loadClass (121 bytes)

Stack: [0x0000007374600000,0x0000007374700000]
Native frames: (J=compiled Java code, j=interpreted, Vv=VM code, C=native code)
V  [jvm.dll+0x6ee21a]
V  [jvm.dll+0x85765e]
V  [jvm.dll+0x85904e]
V  [jvm.dll+0x859703]
V  [jvm.dll+0x28298f]
V  [jvm.dll+0xc9adf]
V  [jvm.dll+0xc9e65]
V  [jvm.dll+0xc9c04]
V  [jvm.dll+0x6cc6fc]
V  [jvm.dll+0x6ccbfe]
V  [jvm.dll+0x73a96e]
V  [jvm.dll+0x739e71]
V  [jvm.dll+0x1ee1a1]
V  [jvm.dll+0x24c52b]
V  [jvm.dll+0x24b781]
V  [jvm.dll+0x1d6ce1]
V  [jvm.dll+0x25b25a]
V  [jvm.dll+0x2596e8]
V  [jvm.dll+0x807588]
V  [jvm.dll+0x80125a]
V  [jvm.dll+0x6ecf0b]
C  [ucrtbase.dll+0x29363]
C  [KERNEL32.DLL+0x1257d]
C  [ntdll.dll+0x5aa78]


---------------  P R O C E S S  ---------------

Threads class SMR info:
_java_thread_list=0x000001e279445ce0, length=19, elements={
0x000001e24f95c180, 0x000001e2724f1f50, 0x000001e2724f2ee0, 0x000001e2724f6c30,
0x000001e2724f7560, 0x000001e2724f8630, 0x000001e2724f8f60, 0x000001e2724f9bc0,
0x000001e2724fb850, 0x000001e272512760, 0x000001e2768ecb10, 0x000001e2768f1220,
0x000001e279d2e830, 0x000001e278cb7550, 0x000001e2786cfde0, 0x000001e277611270,
0x000001e2776107d0, 0x000001e2776117c0, 0x000001e2776127b0
}

Java Threads: ( => current thread )
  0x000001e24f95c180 JavaThread "main" [_thread_in_native, id=11468, stack(0x0000007373000000,0x0000007373100000)]
  0x000001e2724f1f50 JavaThread "Reference Handler" daemon [_thread_blocked, id=18344, stack(0x0000007373700000,0x0000007373800000)]
  0x000001e2724f2ee0 JavaThread "Finalizer" daemon [_thread_blocked, id=7352, stack(0x0000007373800000,0x0000007373900000)]
  0x000001e2724f6c30 JavaThread "Signal Dispatcher" daemon [_thread_blocked, id=6984, stack(0x0000007373900000,0x0000007373a00000)]
  0x000001e2724f7560 JavaThread "Attach Listener" daemon [_thread_blocked, id=7632, stack(0x0000007373a00000,0x0000007373b00000)]
  0x000001e2724f8630 JavaThread "Service Thread" daemon [_thread_blocked, id=13496, stack(0x0000007373b00000,0x0000007373c00000)]
  0x000001e2724f8f60 JavaThread "Monitor Deflation Thread" daemon [_thread_blocked, id=6548, stack(0x0000007373c00000,0x0000007373d00000)]
  0x000001e2724f9bc0 JavaThread "C2 CompilerThread0" daemon [_thread_blocked, id=6172, stack(0x0000007373d00000,0x0000007373e00000)]
  0x000001e2724fb850 JavaThread "C1 CompilerThread0" daemon [_thread_blocked, id=15228, stack(0x0000007373e00000,0x0000007373f00000)]
  0x000001e272512760 JavaThread "Sweeper thread" daemon [_thread_blocked, id=10344, stack(0x0000007373f00000,0x0000007374000000)]
  0x000001e2768ecb10 JavaThread "Notification Thread" daemon [_thread_blocked, id=1468, stack(0x0000007374000000,0x0000007374100000)]
  0x000001e2768f1220 JavaThread "Common-Cleaner" daemon [_thread_blocked, id=8016, stack(0x0000007374200000,0x0000007374300000)]
=>0x000001e279d2e830 JavaThread "C2 CompilerThread1" daemon [_thread_in_native, id=7828, stack(0x0000007374600000,0x0000007374700000)]
  0x000001e278cb7550 JavaThread "timeout-check-timer" daemon [_thread_blocked, id=15564, stack(0x0000007374700000,0x0000007374800000)]
  0x000001e2786cfde0 JavaThread "ping-timer-10s" daemon [_thread_blocked, id=3120, stack(0x0000007374800000,0x0000007374900000)]
  0x000001e277611270 JavaThread "ThreadedStreamConsumer" daemon [_thread_blocked, id=6244, stack(0x0000007374900000,0x0000007374a00000)]
  0x000001e2776107d0 JavaThread "fork-1-err-thread" daemon [_thread_in_native, id=12508, stack(0x0000007374a00000,0x0000007374b00000)]
  0x000001e2776117c0 JavaThread "commands-fork-1" daemon [_thread_blocked, id=14636, stack(0x0000007374b00000,0x0000007374c00000)]
  0x000001e2776127b0 JavaThread "fork-1-event-thread" daemon [_thread_in_native, id=11804, stack(0x0000007374c00000,0x0000007374d00000)]

Other Threads:
  0x000001e2724d6f30 VMThread "VM Thread" [stack: 0x0000007373600000,0x0000007373700000] [id=16896]
  0x000001e2724bdd80 WatcherThread "VM Periodic Task Thread" [stack: 0x0000007374100000,0x0000007374200000] [id=18532]
  0x000001e24f9c9780 WorkerThread "GC Thread#0" [stack: 0x0000007373100000,0x0000007373200000] [id=17568]
  0x000001e276d933b0 WorkerThread "GC Thread#1" [stack: 0x0000007374300000,0x0000007374400000] [id=10840]
  0x000001e276d93680 WorkerThread "GC Thread#2" [stack: 0x0000007374400000,0x0000007374500000] [id=1728]
  0x000001e27706a4d0 WorkerThread "GC Thread#3" [stack: 0x0000007374500000,0x0000007374600000] [id=13988]
  0x000001e24f9db5b0 ConcurrentGCThread "G1 Main Marker" [stack: 0x0000007373200000,0x0000007373300000] [id=2688]
  0x000001e24f9dd190 WorkerThread "G1 Conc#0" [stack: 0x0000007373300000,0x0000007373400000] [id=8768]
  0x000001e24fa1e450 ConcurrentGCThread "G1 Refine#0" [stack: 0x0000007373400000,0x0000007373500000] [id=1948]
  0x000001e27238d2c0 ConcurrentGCThread "G1 Service" [stack: 0x0000007373500000,0x0000007373600000] [id=9124]

Threads with active compile tasks:
C2 CompilerThread1    18887 6723   !   4       java.lang.ClassLoader::loadClass (121 bytes)

VM state: not at safepoint (normal execution)

VM Mutex/Monitor currently owned by a thread: None

Heap address: 0x0000000701400000, size: 4076 MB, Compressed Oops mode: Zero based, Oop shift amount: 3

CDS archive(s) mapped at: [0x0000000800000000-0x0000000800c40000-0x0000000800c40000), size 12845056, SharedBaseAddress: 0x0000000800000000, ArchiveRelocationMode: 0.
Compressed class space mapped at: 0x0000000801000000-0x0000000841000000, reserved size: 1073741824
Narrow klass base: 0x0000000800000000, Narrow klass shift: 0, Narrow klass range: 0x100000000

GC Precious Log:
 CardTable entry size: 512
 Card Set container configuration: InlinePtr #cards 4 size 8 Array Of Cards #cards 16 size 48 Howl #buckets 8 coarsen threshold 3686 Howl Bitmap #cards 512 size 80 coarsen threshold 460 Card regions per heap region 1 cards per card region 4096
 CPUs: 4 total, 4 available
 Memory: 16300M
 Large Page Support: Disabled
 NUMA Support: Disabled
 Compressed Oops: Enabled (Zero based)
 Heap Region Size: 2M
 Heap Min Capacity: 8M
 Heap Initial Capacity: 256M
 Heap Max Capacity: 4076M
 Pre-touch: Disabled
 Parallel Workers: 4
 Concurrent Workers: 1
 Concurrent Refinement Workers: 4
 Periodic GC: Disabled

Heap:
 garbage-first heap   total 135168K, used 73326K [0x0000000701400000, 0x0000000800000000)
  region size 2048K, 8 young (16384K), 2 survivors (4096K)
 Metaspace       used 33056K, committed 33472K, reserved 1114112K
  class space    used 3608K, committed 3840K, reserved 1048576K

Heap Regions: E=young(eden), S=young(survivor), O=old, HS=humongous(starts), HC=humongous(continues), CS=collection set, F=free, OA=open archive, CA=closed archive, TAMS=top-at-mark-start (previous, next)
|   0|0x0000000701400000, 0x0000000701600000, 0x0000000701600000|100%| O|  |TAMS 0x0000000701600000, 0x0000000701400000| Untracked 
|   1|0x0000000701600000, 0x0000000701800000, 0x0000000701800000|100%|HS|  |TAMS 0x0000000701600000, 0x0000000701600000| Complete 
|   2|0x0000000701800000, 0x0000000701a00000, 0x0000000701a00000|100%| O|  |TAMS 0x0000000701800000, 0x0000000701800000| Untracked 
|   3|0x0000000701a00000, 0x0000000701c00000, 0x0000000701c00000|100%|HS|  |TAMS 0x0000000701c00000, 0x0000000701a00000| Complete 
|   4|0x0000000701c00000, 0x0000000701e00000, 0x0000000701e00000|100%| O|  |TAMS 0x0000000701c00000, 0x0000000701c00000| Untracked 
|   5|0x0000000701e00000, 0x0000000702000000, 0x0000000702000000|100%| O|  |TAMS 0x0000000701e00000, 0x0000000701e00000| Untracked 
|   6|0x0000000702000000, 0x0000000702200000, 0x0000000702200000|100%| O|  |TAMS 0x0000000702000000, 0x0000000702000000| Untracked 
|   7|0x0000000702200000, 0x0000000702400000, 0x0000000702400000|100%| O|  |TAMS 0x0000000702200000, 0x0000000702200000| Untracked 
|   8|0x0000000702400000, 0x0000000702600000, 0x0000000702600000|100%| O|  |TAMS 0x0000000702400000, 0x0000000702400000| Untracked 
|   9|0x0000000702600000, 0x0000000702800000, 0x0000000702800000|100%| O|  |TAMS 0x0000000702600000, 0x0000000702600000| Untracked 
|  10|0x0000000702800000, 0x0000000702a00000, 0x0000000702a00000|100%| O|  |TAMS 0x0000000702800000, 0x0000000702800000| Untracked 
|  11|0x0000000702a00000, 0x0000000702c00000, 0x0000000702c00000|100%| O|  |TAMS 0x0000000702a00000, 0x0000000702a00000| Untracked 
|  12|0x0000000702c00000, 0x0000000702e00000, 0x0000000702e00000|100%| O|  |TAMS 0x0000000702c00000, 0x0000000702c00000| Untracked 
|  13|0x0000000702e00000, 0x0000000703000000, 0x0000000703000000|100%| O|  |TAMS 0x0000000702e00000, 0x0000000702e00000| Untracked 
|  14|0x0000000703000000, 0x0000000703200000, 0x0000000703200000|100%| O|  |TAMS 0x0000000703000000, 0x0000000703000000| Untracked 
|  15|0x0000000703200000, 0x0000000703400000, 0x0000000703400000|100%| O|  |TAMS 0x0000000703200000, 0x0000000703200000| Untracked 
|  16|0x0000000703400000, 0x0000000703600000, 0x0000000703600000|100%| O|  |TAMS 0x0000000703400000, 0x0000000703400000| Untracked 
|  17|0x0000000703600000, 0x0000000703800000, 0x0000000703800000|100%| O|  |TAMS 0x0000000703600000, 0x0000000703600000| Untracked 
|  18|0x0000000703800000, 0x0000000703a00000, 0x0000000703a00000|100%| O|  |TAMS 0x0000000703800000, 0x0000000703800000| Untracked 
|  19|0x0000000703a00000, 0x0000000703c00000, 0x0000000703c00000|100%| O|  |TAMS 0x0000000703a00000, 0x0000000703a00000| Untracked 
|  20|0x0000000703c00000, 0x0000000703e00000, 0x0000000703e00000|100%| O|  |TAMS 0x0000000703c00000, 0x0000000703c00000| Untracked 
|  21|0x0000000703e00000, 0x0000000704000000, 0x0000000704000000|100%| O|  |TAMS 0x0000000703e00000, 0x0000000703e00000| Untracked 
|  22|0x0000000704000000, 0x0000000704200000, 0x0000000704200000|100%| O|  |TAMS 0x0000000704000000, 0x0000000704000000| Untracked 
|  23|0x0000000704200000, 0x0000000704400000, 0x0000000704400000|100%| O|  |TAMS 0x0000000704200000, 0x0000000704200000| Untracked 
|  24|0x0000000704400000, 0x0000000704600000, 0x0000000704600000|100%| O|  |TAMS 0x0000000704400000, 0x0000000704400000| Untracked 
|  25|0x0000000704600000, 0x0000000704800000, 0x0000000704800000|100%| O|  |TAMS 0x0000000704600000, 0x0000000704600000| Untracked 
|  26|0x0000000704800000, 0x0000000704a00000, 0x0000000704a00000|100%| O|  |TAMS 0x0000000704800000, 0x0000000704800000| Untracked 
|  27|0x0000000704a00000, 0x0000000704bb9800, 0x0000000704c00000| 86%| O|  |TAMS 0x0000000704a00000, 0x0000000704a00000| Untracked 
|  28|0x0000000704c00000, 0x0000000704c00000, 0x0000000704e00000|  0%| F|  |TAMS 0x0000000704c00000, 0x0000000704c00000| Untracked 
|  29|0x0000000704e00000, 0x0000000704e00000, 0x0000000705000000|  0%| F|  |TAMS 0x0000000704e00000, 0x0000000704e00000| Untracked 
|  30|0x0000000705000000, 0x0000000705000000, 0x0000000705200000|  0%| F|  |TAMS 0x0000000705000000, 0x0000000705000000| Untracked 
|  31|0x0000000705200000, 0x0000000705200000, 0x0000000705400000|  0%| F|  |TAMS 0x0000000705200000, 0x0000000705200000| Untracked 
|  32|0x0000000705400000, 0x0000000705400000, 0x0000000705600000|  0%| F|  |TAMS 0x0000000705400000, 0x0000000705400000| Untracked 
|  33|0x0000000705600000, 0x0000000705600000, 0x0000000705800000|  0%| F|  |TAMS 0x0000000705600000, 0x0000000705600000| Untracked 
|  34|0x0000000705800000, 0x0000000705800000, 0x0000000705a00000|  0%| F|  |TAMS 0x0000000705800000, 0x0000000705800000| Untracked 
|  35|0x0000000705a00000, 0x0000000705a00000, 0x0000000705c00000|  0%| F|  |TAMS 0x0000000705a00000, 0x0000000705a00000| Untracked 
|  36|0x0000000705c00000, 0x0000000705c00000, 0x0000000705e00000|  0%| F|  |TAMS 0x0000000705c00000, 0x0000000705c00000| Untracked 
|  37|0x0000000705e00000, 0x0000000705e00000, 0x0000000706000000|  0%| F|  |TAMS 0x0000000705e00000, 0x0000000705e00000| Untracked 
|  38|0x0000000706000000, 0x0000000706000000, 0x0000000706200000|  0%| F|  |TAMS 0x0000000706000000, 0x0000000706000000| Untracked 
|  39|0x0000000706200000, 0x0000000706200000, 0x0000000706400000|  0%| F|  |TAMS 0x0000000706200000, 0x0000000706200000| Untracked 
|  40|0x0000000706400000, 0x0000000706400000, 0x0000000706600000|  0%| F|  |TAMS 0x0000000706400000, 0x0000000706400000| Untracked 
|  41|0x0000000706600000, 0x0000000706600000, 0x0000000706800000|  0%| F|  |TAMS 0x0000000706600000, 0x0000000706600000| Untracked 
|  42|0x0000000706800000, 0x0000000706800000, 0x0000000706a00000|  0%| F|  |TAMS 0x0000000706800000, 0x0000000706800000| Untracked 
|  43|0x0000000706a00000, 0x0000000706a00000, 0x0000000706c00000|  0%| F|  |TAMS 0x0000000706a00000, 0x0000000706a00000| Untracked 
|  44|0x0000000706c00000, 0x0000000706de22c8, 0x0000000706e00000| 94%| S|CS|TAMS 0x0000000706c00000, 0x0000000706c00000| Complete 
|  45|0x0000000706e00000, 0x0000000707000000, 0x0000000707000000|100%| S|CS|TAMS 0x0000000706e00000, 0x0000000706e00000| Complete 
|  46|0x0000000707000000, 0x0000000707000000, 0x0000000707200000|  0%| F|  |TAMS 0x0000000707000000, 0x0000000707000000| Untracked 
|  47|0x0000000707200000, 0x0000000707200000, 0x0000000707400000|  0%| F|  |TAMS 0x0000000707200000, 0x0000000707200000| Untracked 
|  48|0x0000000707400000, 0x0000000707400000, 0x0000000707600000|  0%| F|  |TAMS 0x0000000707400000, 0x0000000707400000| Untracked 
|  49|0x0000000707600000, 0x0000000707600000, 0x0000000707800000|  0%| F|  |TAMS 0x0000000707600000, 0x0000000707600000| Untracked 
|  50|0x0000000707800000, 0x0000000707800000, 0x0000000707a00000|  0%| F|  |TAMS 0x0000000707800000, 0x0000000707800000| Untracked 
|  51|0x0000000707a00000, 0x0000000707a00000, 0x0000000707c00000|  0%| F|  |TAMS 0x0000000707a00000, 0x0000000707a00000| Untracked 
|  52|0x0000000707c00000, 0x0000000707c00000, 0x0000000707e00000|  0%| F|  |TAMS 0x0000000707c00000, 0x0000000707c00000| Untracked 
|  53|0x0000000707e00000, 0x0000000707e00000, 0x0000000708000000|  0%| F|  |TAMS 0x0000000707e00000, 0x0000000707e00000| Untracked 
|  54|0x0000000708000000, 0x0000000708000000, 0x0000000708200000|  0%| F|  |TAMS 0x0000000708000000, 0x0000000708000000| Untracked 
|  55|0x0000000708200000, 0x0000000708200000, 0x0000000708400000|  0%| F|  |TAMS 0x0000000708200000, 0x0000000708200000| Untracked 
|  56|0x0000000708400000, 0x0000000708400000, 0x0000000708600000|  0%| F|  |TAMS 0x0000000708400000, 0x0000000708400000| Untracked 
|  57|0x0000000708600000, 0x0000000708600000, 0x0000000708800000|  0%| F|  |TAMS 0x0000000708600000, 0x0000000708600000| Untracked 
|  58|0x0000000708800000, 0x0000000708800000, 0x0000000708a00000|  0%| F|  |TAMS 0x0000000708800000, 0x0000000708800000| Untracked 
|  59|0x0000000708a00000, 0x0000000708b65148, 0x0000000708c00000| 69%| E|  |TAMS 0x0000000708a00000, 0x0000000708a00000| Complete 
|  60|0x0000000708c00000, 0x0000000708e00000, 0x0000000708e00000|100%| E|CS|TAMS 0x0000000708c00000, 0x0000000708c00000| Complete 
|  61|0x0000000708e00000, 0x0000000709000000, 0x0000000709000000|100%| E|CS|TAMS 0x0000000708e00000, 0x0000000708e00000| Complete 
|  62|0x0000000709000000, 0x0000000709200000, 0x0000000709200000|100%| E|CS|TAMS 0x0000000709000000, 0x0000000709000000| Complete 
|  63|0x0000000709200000, 0x0000000709400000, 0x0000000709400000|100%| E|CS|TAMS 0x0000000709200000, 0x0000000709200000| Complete 
| 127|0x0000000711200000, 0x0000000711400000, 0x0000000711400000|100%| E|CS|TAMS 0x0000000711200000, 0x0000000711200000| Complete 
|2037|0x00000007ffe00000, 0x0000000800000000, 0x0000000800000000|100%| O|  |TAMS 0x00000007ffe00000, 0x00000007ffe00000| Untracked 

Card table byte_map: [0x000001e2670c0000,0x000001e2678c0000] _byte_map_base: 0x000001e2638b6000

Marking Bits (Prev, Next): (CMBitMap*) 0x000001e24f9cae00, (CMBitMap*) 0x000001e24f9cadc0
 Prev Bits: [0x000001e26c070000, 0x000001e270020000)
 Next Bits: [0x000001e2680c0000, 0x000001e26c070000)

Polling page: 0x000001e24f120000

Metaspace:

Usage:
  Non-class:     28.76 MB used.
      Class:      3.52 MB used.
       Both:     32.28 MB used.

Virtual space:
  Non-class space:       64.00 MB reserved,      28.94 MB ( 45%) committed,  1 nodes.
      Class space:        1.00 GB reserved,       3.75 MB ( <1%) committed,  1 nodes.
             Both:        1.06 GB reserved,      32.69 MB (  3%) committed. 

Chunk freelists:
   Non-Class:  2.83 MB
       Class:  304.00 KB
        Both:  3.12 MB

MaxMetaspaceSize: unlimited
CompressedClassSpaceSize: 1.00 GB
Initial GC threshold: 21.00 MB
Current GC threshold: 35.12 MB
CDS: on
MetaspaceReclaimPolicy: balanced
 - commit_granule_bytes: 65536.
 - commit_granule_words: 8192.
 - virtual_space_node_default_size: 8388608.
 - enlarge_chunks_in_place: 1.
 - new_chunks_are_fully_committed: 0.
 - uncommit_free_chunks: 1.
 - use_allocation_guard: 0.


Internal statistics:

num_allocs_failed_limit: 3.
num_arena_births: 274.
num_arena_deaths: 0.
num_vsnodes_births: 2.
num_vsnodes_deaths: 0.
num_space_committed: 523.
num_space_uncommitted: 0.
num_chunks_returned_to_freelist: 3.
num_chunks_taken_from_freelist: 1442.
num_chunk_merges: 3.
num_chunk_splits: 1030.
num_chunks_enlarged: 838.
num_inconsistent_stats: 0.

CodeHeap 'non-profiled nmethods': size=120000Kb used=3679Kb max_used=3679Kb free=116320Kb
 bounds [0x000001e25f390000, 0x000001e25f730000, 0x000001e2668c0000]
CodeHeap 'profiled nmethods': size=120000Kb used=12871Kb max_used=12871Kb free=107128Kb
 bounds [0x000001e2578c0000, 0x000001e258560000, 0x000001e25edf0000]
CodeHeap 'non-nmethods': size=5760Kb used=1341Kb max_used=1375Kb free=4418Kb
 bounds [0x000001e25edf0000, 0x000001e25f060000, 0x000001e25f390000]
 total_blobs=6663 nmethods=6090 adapters=483
 compilation: enabled
              stopped_count=0, restarted_count=0
 full_count=0

Compilation events (20 events):
Event: 16.965 Thread 0x000001e2724fb850 nmethod 6957 0x000001e258552a10 code [0x000001e258552bc0, 0x000001e258552e88]
Event: 16.965 Thread 0x000001e2724fb850 6956       3       java.lang.ProcessEnvironment$CheckedEntry::getValue (5 bytes)
Event: 16.965 Thread 0x000001e2724fb850 nmethod 6956 0x000001e258552f90 code [0x000001e258553140, 0x000001e258553488]
Event: 16.987 Thread 0x000001e2724fb850 6959       3       java.lang.invoke.LambdaForm::useCount (61 bytes)
Event: 16.988 Thread 0x000001e2724fb850 nmethod 6959 0x000001e258553590 code [0x000001e258553760, 0x000001e258553ac8]
Event: 17.009 Thread 0x000001e2724f9bc0 nmethod 6953 0x000001e25f723290 code [0x000001e25f7234e0, 0x000001e25f724c48]
Event: 17.009 Thread 0x000001e2724f9bc0 6960   !   4       java.util.zip.Inflater::reset (64 bytes)
Event: 17.013 Thread 0x000001e2724f9bc0 nmethod 6960 0x000001e25f725990 code [0x000001e25f725b20, 0x000001e25f725fa8]
Event: 17.023 Thread 0x000001e2724f9bc0 6961       4       java.util.ArrayDeque::poll (5 bytes)
Event: 17.023 Thread 0x000001e2724fb850 6962       3       java.util.zip.CRC32::update (38 bytes)
Event: 17.023 Thread 0x000001e2724fb850 nmethod 6962 0x000001e258553c90 code [0x000001e258553e80, 0x000001e2585542a8]
Event: 17.024 Thread 0x000001e2724f9bc0 nmethod 6961 0x000001e25f726110 code [0x000001e25f7262a0, 0x000001e25f7263d8]
Event: 17.025 Thread 0x000001e2724f9bc0 6963       4       java.lang.String::regionMatches (150 bytes)
Event: 17.031 Thread 0x000001e2724f9bc0 nmethod 6963 0x000001e25f726b90 code [0x000001e25f726d20, 0x000001e25f727138]
Event: 17.031 Thread 0x000001e2724f9bc0 6966       4       java.nio.CharBuffer::arrayOffset (35 bytes)
Event: 17.033 Thread 0x000001e2724f9bc0 nmethod 6966 0x000001e25f727490 code [0x000001e25f727620, 0x000001e25f7276d8]
Event: 17.033 Thread 0x000001e2724f9bc0 6965       4       java.lang.String::checkIndex (10 bytes)
Event: 17.033 Thread 0x000001e2724f9bc0 nmethod 6965 0x000001e25f727790 code [0x000001e25f727920, 0x000001e25f7279b8]
Event: 17.192 Thread 0x000001e2724fb850 6967       1       java.util.concurrent.atomic.AtomicInteger::get (5 bytes)
Event: 17.192 Thread 0x000001e2724fb850 nmethod 6967 0x000001e25f727a90 code [0x000001e25f727c20, 0x000001e25f727cd8]

GC Heap History (20 events):
Event: 0.808 GC heap before
{Heap before GC invocations=0 (full 0):
 garbage-first heap   total 262144K, used 12288K [0x0000000701400000, 0x0000000800000000)
  region size 2048K, 6 young (12288K), 0 survivors (0K)
 Metaspace       used 3333K, committed 3520K, reserved 1114112K
  class space    used 325K, committed 384K, reserved 1048576K
}
Event: 0.817 GC heap after
{Heap after GC invocations=1 (full 0):
 garbage-first heap   total 262144K, used 3110K [0x0000000701400000, 0x0000000800000000)
  region size 2048K, 1 young (2048K), 1 survivors (2048K)
 Metaspace       used 3333K, committed 3520K, reserved 1114112K
  class space    used 325K, committed 384K, reserved 1048576K
}
Event: 1.244 GC heap before
{Heap before GC invocations=1 (full 0):
 garbage-first heap   total 262144K, used 15398K [0x0000000701400000, 0x0000000800000000)
  region size 2048K, 7 young (14336K), 1 survivors (2048K)
 Metaspace       used 5336K, committed 5504K, reserved 1114112K
  class space    used 609K, committed 704K, reserved 1048576K
}
Event: 1.250 GC heap after
{Heap after GC invocations=2 (full 0):
 garbage-first heap   total 262144K, used 3962K [0x0000000701400000, 0x0000000800000000)
  region size 2048K, 1 young (2048K), 1 survivors (2048K)
 Metaspace       used 5336K, committed 5504K, reserved 1114112K
  class space    used 609K, committed 704K, reserved 1048576K
}
Event: 3.344 GC heap before
{Heap before GC invocations=2 (full 0):
 garbage-first heap   total 262144K, used 38778K [0x0000000701400000, 0x0000000800000000)
  region size 2048K, 19 young (38912K), 1 survivors (2048K)
 Metaspace       used 11446K, committed 11648K, reserved 1114112K
  class space    used 1357K, committed 1472K, reserved 1048576K
}
Event: 3.348 GC heap after
{Heap after GC invocations=3 (full 0):
 garbage-first heap   total 262144K, used 6222K [0x0000000701400000, 0x0000000800000000)
  region size 2048K, 2 young (4096K), 2 survivors (4096K)
 Metaspace       used 11446K, committed 11648K, reserved 1114112K
  class space    used 1357K, committed 1472K, reserved 1048576K
}
Event: 9.011 GC heap before
{Heap before GC invocations=3 (full 0):
 garbage-first heap   total 262144K, used 147534K [0x0000000701400000, 0x0000000800000000)
  region size 2048K, 71 young (145408K), 2 survivors (4096K)
 Metaspace       used 21170K, committed 21504K, reserved 1114112K
  class space    used 2349K, committed 2496K, reserved 1048576K
}
Event: 9.037 GC heap after
{Heap after GC invocations=4 (full 0):
 garbage-first heap   total 262144K, used 24263K [0x0000000701400000, 0x0000000800000000)
  region size 2048K, 9 young (18432K), 9 survivors (18432K)
 Metaspace       used 21170K, committed 21504K, reserved 1114112K
  class space    used 2349K, committed 2496K, reserved 1048576K
}
Event: 10.722 GC heap before
{Heap before GC invocations=5 (full 0):
 garbage-first heap   total 96256K, used 63175K [0x0000000701400000, 0x0000000800000000)
  region size 2048K, 28 young (57344K), 9 survivors (18432K)
 Metaspace       used 25979K, committed 26368K, reserved 1114112K
  class space    used 2864K, committed 3008K, reserved 1048576K
}
Event: 10.763 GC heap after
{Heap after GC invocations=6 (full 0):
 garbage-first heap   total 98304K, used 37579K [0x0000000701400000, 0x0000000800000000)
  region size 2048K, 4 young (8192K), 4 survivors (8192K)
 Metaspace       used 25979K, committed 26368K, reserved 1114112K
  class space    used 2864K, committed 3008K, reserved 1048576K
}
Event: 10.910 GC heap before
{Heap before GC invocations=6 (full 0):
 garbage-first heap   total 98304K, used 39627K [0x0000000701400000, 0x0000000800000000)
  region size 2048K, 5 young (10240K), 4 survivors (8192K)
 Metaspace       used 26342K, committed 26688K, reserved 1114112K
  class space    used 2901K, committed 3072K, reserved 1048576K
}
Event: 10.926 GC heap after
{Heap after GC invocations=7 (full 0):
 garbage-first heap   total 98304K, used 37901K [0x0000000701400000, 0x0000000800000000)
  region size 2048K, 1 young (2048K), 1 survivors (2048K)
 Metaspace       used 26342K, committed 26688K, reserved 1114112K
  class space    used 2901K, committed 3072K, reserved 1048576K
}
Event: 12.672 GC heap before
{Heap before GC invocations=7 (full 0):
 garbage-first heap   total 98304K, used 64525K [0x0000000701400000, 0x0000000800000000)
  region size 2048K, 15 young (30720K), 1 survivors (2048K)
 Metaspace       used 27906K, committed 28352K, reserved 1114112K
  class space    used 3070K, committed 3264K, reserved 1048576K
}
Event: 12.676 GC heap after
{Heap after GC invocations=8 (full 0):
 garbage-first heap   total 135168K, used 37729K [0x0000000701400000, 0x0000000800000000)
  region size 2048K, 1 young (2048K), 1 survivors (2048K)
 Metaspace       used 27906K, committed 28352K, reserved 1114112K
  class space    used 3070K, committed 3264K, reserved 1048576K
}
Event: 14.153 GC heap before
{Heap before GC invocations=8 (full 0):
 garbage-first heap   total 135168K, used 93025K [0x0000000701400000, 0x0000000800000000)
  region size 2048K, 28 young (57344K), 1 survivors (2048K)
 Metaspace       used 28688K, committed 29120K, reserved 1114112K
  class space    used 3147K, committed 3392K, reserved 1048576K
}
Event: 14.167 GC heap after
{Heap after GC invocations=9 (full 0):
 garbage-first heap   total 135168K, used 58893K [0x0000000701400000, 0x0000000800000000)
  region size 2048K, 4 young (8192K), 4 survivors (8192K)
 Metaspace       used 28688K, committed 29120K, reserved 1114112K
  class space    used 3147K, committed 3392K, reserved 1048576K
}
Event: 15.705 GC heap before
{Heap before GC invocations=9 (full 0):
 garbage-first heap   total 135168K, used 91661K [0x0000000701400000, 0x0000000800000000)
  region size 2048K, 21 young (43008K), 4 survivors (8192K)
 Metaspace       used 29942K, committed 30400K, reserved 1114112K
  class space    used 3287K, committed 3520K, reserved 1048576K
}
Event: 15.713 GC heap after
{Heap after GC invocations=10 (full 0):
 garbage-first heap   total 135168K, used 62373K [0x0000000701400000, 0x0000000800000000)
  region size 2048K, 2 young (4096K), 2 survivors (4096K)
 Metaspace       used 29942K, committed 30400K, reserved 1114112K
  class space    used 3287K, committed 3520K, reserved 1048576K
}
Event: 16.608 GC heap before
{Heap before GC invocations=10 (full 0):
 garbage-first heap   total 135168K, used 97189K [0x0000000701400000, 0x0000000800000000)
  region size 2048K, 19 young (38912K), 2 survivors (4096K)
 Metaspace       used 31545K, committed 32000K, reserved 1114112K
  class space    used 3430K, committed 3648K, reserved 1048576K
}
Event: 16.613 GC heap after
{Heap after GC invocations=11 (full 0):
 garbage-first heap   total 135168K, used 63086K [0x0000000701400000, 0x0000000800000000)
  region size 2048K, 2 young (4096K), 2 survivors (4096K)
 Metaspace       used 31545K, committed 32000K, reserved 1114112K
  class space    used 3430K, committed 3648K, reserved 1048576K
}

Dll operation events (8 events):
Event: 0.009 Loaded shared library D:\Archivos de programa\Java\jdk-19\bin\java.dll
Event: 0.027 Loaded shared library D:\Archivos de programa\Java\jdk-19\bin\jsvml.dll
Event: 0.104 Loaded shared library D:\Archivos de programa\Java\jdk-19\bin\net.dll
Event: 0.106 Loaded shared library D:\Archivos de programa\Java\jdk-19\bin\nio.dll
Event: 0.109 Loaded shared library D:\Archivos de programa\Java\jdk-19\bin\zip.dll
Event: 0.372 Loaded shared library D:\Archivos de programa\Java\jdk-19\bin\jimage.dll
Event: 0.389 Loaded shared library D:\Archivos de programa\NetBeans-18\netbeans\java\maven\lib\jansi-native\Windows\x86_64\jansi.dll
Event: 0.405 Loaded shared library D:\Archivos de programa\Java\jdk-19\bin\verify.dll

Deoptimization events (20 events):
Event: 17.029 Thread 0x000001e2776107d0 Uncommon trap: trap_request=0xffffff45 fr.pc=0x000001e25f498e58 relative=0x0000000000000498
Event: 17.029 Thread 0x000001e2776107d0 Uncommon trap: reason=unstable_if action=reinterpret pc=0x000001e25f498e58 method=java.lang.AbstractStringBuilder.inflateIfNeededFor(Ljava/lang/String;)V @ 14 c2
Event: 17.029 Thread 0x000001e2776107d0 DEOPT PACKING pc=0x000001e25f498e58 sp=0x0000007374afee60
Event: 17.029 Thread 0x000001e2776107d0 DEOPT UNPACKING pc=0x000001e25ee56da3 sp=0x0000007374afed00 mode 2
Event: 17.029 Thread 0x000001e2776107d0 Uncommon trap: trap_request=0xffffff45 fr.pc=0x000001e25f498054 relative=0x0000000000000494
Event: 17.029 Thread 0x000001e2776107d0 Uncommon trap: reason=unstable_if action=reinterpret pc=0x000001e25f498054 method=java.lang.AbstractStringBuilder.inflateIfNeededFor(Ljava/lang/String;)V @ 14 c2
Event: 17.029 Thread 0x000001e2776107d0 DEOPT PACKING pc=0x000001e25f498054 sp=0x0000007374afedf0
Event: 17.029 Thread 0x000001e2776107d0 DEOPT UNPACKING pc=0x000001e25ee56da3 sp=0x0000007374afecf8 mode 2
Event: 17.029 Thread 0x000001e2776107d0 Uncommon trap: trap_request=0xffffff45 fr.pc=0x000001e25f3b6a84 relative=0x00000000000000e4
Event: 17.029 Thread 0x000001e2776107d0 Uncommon trap: reason=unstable_if action=reinterpret pc=0x000001e25f3b6a84 method=java.lang.String.getBytes([BIB)V @ 5 c2
Event: 17.029 Thread 0x000001e2776107d0 DEOPT PACKING pc=0x000001e25f3b6a84 sp=0x0000007374afed10
Event: 17.029 Thread 0x000001e2776107d0 DEOPT UNPACKING pc=0x000001e25ee56da3 sp=0x0000007374afecd8 mode 2
Event: 17.029 Thread 0x000001e2776107d0 Uncommon trap: trap_request=0xffffff45 fr.pc=0x000001e25f4101b8 relative=0x0000000000000418
Event: 17.029 Thread 0x000001e2776107d0 Uncommon trap: reason=unstable_if action=reinterpret pc=0x000001e25f4101b8 method=java.lang.String.<init>(Ljava/lang/AbstractStringBuilder;Ljava/lang/Void;)V @ 19 c2
Event: 17.029 Thread 0x000001e2776107d0 DEOPT PACKING pc=0x000001e25f4101b8 sp=0x0000007374afee70
Event: 17.029 Thread 0x000001e2776107d0 DEOPT UNPACKING pc=0x000001e25ee56da3 sp=0x0000007374afed58 mode 2
Event: 17.029 Thread 0x000001e2776107d0 Uncommon trap: trap_request=0xffffff45 fr.pc=0x000001e25f53ad58 relative=0x00000000000000b8
Event: 17.029 Thread 0x000001e2776107d0 Uncommon trap: reason=unstable_if action=reinterpret pc=0x000001e25f53ad58 method=java.lang.String.codePointAt(I)I @ 4 c2
Event: 17.029 Thread 0x000001e2776107d0 DEOPT PACKING pc=0x000001e25f53ad58 sp=0x0000007374afede0
Event: 17.029 Thread 0x000001e2776107d0 DEOPT UNPACKING pc=0x000001e25ee56da3 sp=0x0000007374afed68 mode 2

Classes loaded (20 events):
Event: 16.962 Loading class java/lang/Process done
Event: 16.962 Loading class java/lang/ProcessImpl done
Event: 16.988 Loading class java/lang/ProcessImpl$2
Event: 16.988 Loading class java/lang/ProcessImpl$2 done
Event: 16.988 Loading class java/lang/Process$PipeInputStream
Event: 16.988 Loading class java/lang/Process$PipeInputStream done
Event: 16.989 Loading class jdk/internal/event/ProcessStartEvent
Event: 16.989 Loading class jdk/internal/event/Event
Event: 16.989 Loading class jdk/internal/event/Event done
Event: 16.989 Loading class jdk/internal/event/ProcessStartEvent done
Event: 16.990 Loading class java/nio/channels/ClosedChannelException
Event: 16.990 Loading class java/nio/channels/ClosedChannelException done
Event: 16.991 Loading class java/nio/channels/NonReadableChannelException
Event: 16.991 Loading class java/nio/channels/NonReadableChannelException done
Event: 16.992 Loading class java/nio/channels/NonWritableChannelException
Event: 16.992 Loading class java/nio/channels/NonWritableChannelException done
Event: 17.025 Loading class java/util/Scanner
Event: 17.026 Loading class java/util/Scanner done
Event: 17.027 Loading class java/util/Scanner$PatternLRUCache
Event: 17.027 Loading class java/util/Scanner$PatternLRUCache done

Classes unloaded (0 events):
No events

Classes redefined (0 events):
No events

Internal exceptions (20 events):
Event: 15.773 Thread 0x000001e24f95c180 Exception <a 'sun/nio/fs/WindowsException'{0x00000007092021b0}> (0x00000007092021b0) 
thrown [s\open\src\hotspot\share\prims\jni.cpp, line 517]
Event: 15.797 Thread 0x000001e24f95c180 Exception <a 'sun/nio/fs/WindowsException'{0x0000000709280dc8}> (0x0000000709280dc8) 
thrown [s\open\src\hotspot\share\prims\jni.cpp, line 517]
Event: 15.814 Thread 0x000001e24f95c180 Exception <a 'sun/nio/fs/WindowsException'{0x0000000709299560}> (0x0000000709299560) 
thrown [s\open\src\hotspot\share\prims\jni.cpp, line 517]
Event: 15.819 Thread 0x000001e24f95c180 Exception <a 'sun/nio/fs/WindowsException'{0x00000007092b3148}> (0x00000007092b3148) 
thrown [s\open\src\hotspot\share\prims\jni.cpp, line 517]
Event: 15.819 Thread 0x000001e24f95c180 Exception <a 'sun/nio/fs/WindowsException'{0x00000007092b3900}> (0x00000007092b3900) 
thrown [s\open\src\hotspot\share\prims\jni.cpp, line 517]
Event: 15.819 Thread 0x000001e24f95c180 Exception <a 'sun/nio/fs/WindowsException'{0x00000007092b3ed0}> (0x00000007092b3ed0) 
thrown [s\open\src\hotspot\share\prims\jni.cpp, line 517]
Event: 15.819 Thread 0x000001e24f95c180 Exception <a 'sun/nio/fs/WindowsException'{0x00000007092b4668}> (0x00000007092b4668) 
thrown [s\open\src\hotspot\share\prims\jni.cpp, line 517]
Event: 15.819 Thread 0x000001e24f95c180 Exception <a 'sun/nio/fs/WindowsException'{0x00000007092b4a28}> (0x00000007092b4a28) 
thrown [s\open\src\hotspot\share\prims\jni.cpp, line 517]
Event: 15.819 Thread 0x000001e24f95c180 Exception <a 'sun/nio/fs/WindowsException'{0x00000007092b5720}> (0x00000007092b5720) 
thrown [s\open\src\hotspot\share\prims\jni.cpp, line 517]
Event: 15.819 Thread 0x000001e24f95c180 Exception <a 'sun/nio/fs/WindowsException'{0x00000007092b5a70}> (0x00000007092b5a70) 
thrown [s\open\src\hotspot\share\prims\jni.cpp, line 517]
Event: 15.819 Thread 0x000001e24f95c180 Exception <a 'sun/nio/fs/WindowsException'{0x00000007092b6758}> (0x00000007092b6758) 
thrown [s\open\src\hotspot\share\prims\jni.cpp, line 517]
Event: 15.951 Thread 0x000001e24f95c180 Implicit null exception at 0x000001e25f5859e6 to 0x000001e25f589018
Event: 15.952 Thread 0x000001e24f95c180 Implicit null exception at 0x000001e25f57fc86 to 0x000001e25f5809cc
Event: 16.453 Thread 0x000001e278c85040 Exception <a 'java/lang/NoSuchMethodError'{0x0000000707835268}: 'java.lang.Object java.lang.invoke.DirectMethodHandle$Holder.invokeStatic(java.lang.Object, long, java.lang.Object)'> (0x0000000707835268) 
thrown [s\open\src\hotspot\share\interpreter\linkResolver.cpp, line 774]
Event: 16.453 Thread 0x000001e278c85040 Exception <a 'java/lang/NoSuchMethodError'{0x00000007078389e8}: 'java.lang.Object java.lang.invoke.DirectMethodHandle$Holder.invokeStaticInit(java.lang.Object, long, java.lang.Object)'> (0x00000007078389e8) 
thrown [s\open\src\hotspot\share\interpreter\linkResolver.cpp, line 774]
Event: 16.453 Thread 0x000001e278c85040 Exception <a 'java/lang/NoSuchMethodError'{0x00000007079bd628}: 'java.lang.Object java.lang.invoke.DirectMethodHandle$Holder.newInvokeSpecial(java.lang.Object, long)'> (0x00000007079bd628) 
thrown [s\open\src\hotspot\share\interpreter\linkResolver.cpp, line 774]
Event: 16.454 Thread 0x000001e278c85040 Exception <a 'java/lang/NoSuchMethodError'{0x00000007079c1e38}: 'long java.lang.invoke.DirectMethodHandle$Holder.invokeInterface(java.lang.Object, java.lang.Object)'> (0x00000007079c1e38) 
thrown [s\open\src\hotspot\share\interpreter\linkResolver.cpp, line 774]
Event: 16.455 Thread 0x000001e278c85040 Exception <a 'java/lang/NoSuchMethodError'{0x00000007079c55f0}: 'long java.lang.invoke.DelegatingMethodHandle$Holder.reinvoke_L(java.lang.Object, java.lang.Object)'> (0x00000007079c55f0) 
thrown [s\open\src\hotspot\share\interpreter\linkResolver.cpp, line 774]
Event: 16.572 Thread 0x000001e24f95c180 Exception <a 'java/lang/NoSuchMethodError'{0x000000070745fa58}: 'java.lang.Object java.lang.invoke.DirectMethodHandle$Holder.invokeStaticInit(java.lang.Object, java.lang.Object, int, int, int, int)'> (0x000000070745fa58) 
thrown [s\open\src\hotspot\share\interpreter\linkResolver.cpp, line 774]
Event: 16.987 Thread 0x000001e24f95c180 Exception <a 'java/lang/NoSuchMethodError'{0x0000000708ca9e50}: 'void java.lang.invoke.DirectMethodHandle$Holder.invokeStatic(java.lang.Object, long)'> (0x0000000708ca9e50) 
thrown [s\open\src\hotspot\share\interpreter\linkResolver.cpp, line 774]

VM Operations (20 events):
Event: 16.438 Executing VM operation: HandshakeAllThreads
Event: 16.438 Executing VM operation: HandshakeAllThreads done
Event: 16.472 Executing VM operation: HandshakeAllThreads
Event: 16.472 Executing VM operation: HandshakeAllThreads done
Event: 16.523 Executing VM operation: HandshakeAllThreads
Event: 16.523 Executing VM operation: HandshakeAllThreads done
Event: 16.608 Executing VM operation: G1CollectForAllocation
Event: 16.613 Executing VM operation: G1CollectForAllocation done
Event: 16.777 Executing VM operation: HandshakeAllThreads
Event: 16.777 Executing VM operation: HandshakeAllThreads done
Event: 16.787 Executing VM operation: HandshakeAllThreads
Event: 16.803 Executing VM operation: HandshakeAllThreads done
Event: 16.804 Executing VM operation: HandshakeAllThreads
Event: 16.804 Executing VM operation: HandshakeAllThreads done
Event: 16.818 Executing VM operation: HandshakeAllThreads
Event: 16.818 Executing VM operation: HandshakeAllThreads done
Event: 16.989 Executing VM operation: HandshakeAllThreads
Event: 16.989 Executing VM operation: HandshakeAllThreads done
Event: 17.993 Executing VM operation: Cleanup
Event: 17.993 Executing VM operation: Cleanup done

Events (20 events):
Event: 16.810 Thread 0x000001e272512760 flushing nmethod 0x000001e257ee1390
Event: 16.810 Thread 0x000001e272512760 flushing nmethod 0x000001e257ee1b10
Event: 16.810 Thread 0x000001e272512760 flushing nmethod 0x000001e257f66f10
Event: 16.811 Thread 0x000001e272512760 flushing nmethod 0x000001e257fdd910
Event: 16.813 Thread 0x000001e272512760 flushing nmethod 0x000001e25818a010
Event: 16.814 Thread 0x000001e272512760 flushing nmethod 0x000001e2581d4b10
Event: 16.814 Thread 0x000001e272512760 flushing nmethod 0x000001e258270f10
Event: 16.815 Thread 0x000001e272512760 flushing nmethod 0x000001e25831b090
Event: 16.815 Thread 0x000001e272512760 flushing nmethod 0x000001e25831c910
Event: 16.815 Thread 0x000001e272512760 flushing nmethod 0x000001e258325990
Event: 16.816 Thread 0x000001e272512760 flushing nmethod 0x000001e25838e810
Event: 16.816 Thread 0x000001e272512760 flushing nmethod 0x000001e25838f010
Event: 16.816 Thread 0x000001e272512760 flushing nmethod 0x000001e258414290
Event: 16.816 Thread 0x000001e272512760 flushing nmethod 0x000001e258421810
Event: 16.816 Thread 0x000001e272512760 flushing nmethod 0x000001e258435090
Event: 16.816 Thread 0x000001e272512760 flushing nmethod 0x000001e258452390
Event: 16.956 Thread 0x000001e277611270 Thread added: 0x000001e277611270
Event: 17.016 Thread 0x000001e2776107d0 Thread added: 0x000001e2776107d0
Event: 17.016 Thread 0x000001e2776117c0 Thread added: 0x000001e2776117c0
Event: 17.025 Thread 0x000001e2776127b0 Thread added: 0x000001e2776127b0


Dynamic libraries:
0x00007ff6fcfd0000 - 0x00007ff6fcfe0000 	D:\Archivos de programa\Java\jdk-19\bin\java.exe
0x00007ff86a950000 - 0x00007ff86ab67000 	C:\Windows\SYSTEM32\ntdll.dll
0x00007ff868e90000 - 0x00007ff868f54000 	C:\Windows\System32\KERNEL32.DLL
0x00007ff867df0000 - 0x00007ff868196000 	C:\Windows\System32\KERNELBASE.dll
0x00007ff867cd0000 - 0x00007ff867de1000 	C:\Windows\System32\ucrtbase.dll
0x00007ff857bc0000 - 0x00007ff857bd8000 	D:\Archivos de programa\Java\jdk-19\bin\jli.dll
0x00007ff86a220000 - 0x00007ff86a2d0000 	C:\Windows\System32\ADVAPI32.dll
0x00007ff869320000 - 0x00007ff8693c7000 	C:\Windows\System32\msvcrt.dll
0x00007ff858f80000 - 0x00007ff858f9b000 	D:\Archivos de programa\Java\jdk-19\bin\VCRUNTIME140.dll
0x00007ff8687a0000 - 0x00007ff868846000 	C:\Windows\System32\sechost.dll
0x00007ff869120000 - 0x00007ff869237000 	C:\Windows\System32\RPCRT4.dll
0x00007ff86a750000 - 0x00007ff86a8fd000 	C:\Windows\System32\USER32.dll
0x00007ff868260000 - 0x00007ff868286000 	C:\Windows\System32\win32u.dll
0x00007ff86a1f0000 - 0x00007ff86a219000 	C:\Windows\System32\GDI32.dll
0x00007ff868290000 - 0x00007ff8683a8000 	C:\Windows\System32\gdi32full.dll
0x00007ff8684a0000 - 0x00007ff86853a000 	C:\Windows\System32\msvcp_win.dll
0x00007ff84a010000 - 0x00007ff84a2a3000 	C:\Windows\WinSxS\amd64_microsoft.windows.common-controls_6595b64144ccf1df_6.0.22621.2361_none_2712ced57382f843\COMCTL32.dll
0x00007ff860ba0000 - 0x00007ff860baa000 	C:\Windows\SYSTEM32\VERSION.dll
0x00007ff869500000 - 0x00007ff869531000 	C:\Windows\System32\IMM32.DLL
0x00007ff861f30000 - 0x00007ff861f3c000 	D:\Archivos de programa\Java\jdk-19\bin\vcruntime140_1.dll
0x00007ff8573d0000 - 0x00007ff85745e000 	D:\Archivos de programa\Java\jdk-19\bin\msvcp140.dll
0x00007ff81c0c0000 - 0x00007ff81cd80000 	D:\Archivos de programa\Java\jdk-19\bin\server\jvm.dll
0x00007ff855400000 - 0x00007ff855409000 	C:\Windows\SYSTEM32\WSOCK32.dll
0x00007ff869540000 - 0x00007ff8695b1000 	C:\Windows\System32\WS2_32.dll
0x00007ff8606e0000 - 0x00007ff860714000 	C:\Windows\SYSTEM32\WINMM.dll
0x00007ff866d10000 - 0x00007ff866d28000 	C:\Windows\SYSTEM32\kernel.appcore.dll
0x00007ff861bf0000 - 0x00007ff861bfa000 	D:\Archivos de programa\Java\jdk-19\bin\jimage.dll
0x00007ff865530000 - 0x00007ff86575e000 	C:\Windows\SYSTEM32\DBGHELP.DLL
0x00007ff868850000 - 0x00007ff868bda000 	C:\Windows\System32\combase.dll
0x00007ff868db0000 - 0x00007ff868e87000 	C:\Windows\System32\OLEAUT32.dll
0x00007ff850ad0000 - 0x00007ff850b02000 	C:\Windows\SYSTEM32\dbgcore.DLL
0x00007ff8683b0000 - 0x00007ff86842a000 	C:\Windows\System32\bcryptPrimitives.dll
0x00007ff858ad0000 - 0x00007ff858af6000 	D:\Archivos de programa\Java\jdk-19\bin\java.dll
0x00007ff8523d0000 - 0x00007ff8524a7000 	D:\Archivos de programa\Java\jdk-19\bin\jsvml.dll
0x00007ff869670000 - 0x00007ff869ec8000 	C:\Windows\System32\SHELL32.dll
0x00007ff865c30000 - 0x00007ff866522000 	C:\Windows\SYSTEM32\windows.storage.dll
0x00007ff865760000 - 0x00007ff86589e000 	C:\Windows\SYSTEM32\wintypes.dll
0x00007ff8693f0000 - 0x00007ff8694e3000 	C:\Windows\System32\SHCORE.dll
0x00007ff869240000 - 0x00007ff86929e000 	C:\Windows\System32\shlwapi.dll
0x00007ff867c00000 - 0x00007ff867c26000 	C:\Windows\SYSTEM32\profapi.dll
0x00007ff858d70000 - 0x00007ff858d83000 	D:\Archivos de programa\Java\jdk-19\bin\net.dll
0x00007ff860220000 - 0x00007ff860357000 	C:\Windows\SYSTEM32\WINHTTP.dll
0x00007ff867190000 - 0x00007ff8671f9000 	C:\Windows\system32\mswsock.dll
0x00007ff858d20000 - 0x00007ff858d36000 	D:\Archivos de programa\Java\jdk-19\bin\nio.dll
0x00007ff858c30000 - 0x00007ff858c48000 	D:\Archivos de programa\Java\jdk-19\bin\zip.dll
0x0000000069ac0000 - 0x0000000069ae4000 	D:\Archivos de programa\NetBeans-18\netbeans\java\maven\lib\jansi-native\Windows\x86_64\jansi.dll
0x00007ff85e9d0000 - 0x00007ff85e9e0000 	D:\Archivos de programa\Java\jdk-19\bin\verify.dll
0x00007ff866d30000 - 0x00007ff866d64000 	C:\Windows\SYSTEM32\ntmarta.dll
0x00007ff8673e0000 - 0x00007ff8673fb000 	C:\Windows\SYSTEM32\CRYPTSP.dll
0x00007ff866c70000 - 0x00007ff866ca5000 	C:\Windows\system32\rsaenh.dll
0x00007ff867280000 - 0x00007ff8672ac000 	C:\Windows\SYSTEM32\USERENV.dll
0x00007ff8675a0000 - 0x00007ff8675c8000 	C:\Windows\SYSTEM32\bcrypt.dll
0x00007ff867400000 - 0x00007ff86740c000 	C:\Windows\SYSTEM32\CRYPTBASE.dll
0x00007ff866790000 - 0x00007ff8667bd000 	C:\Windows\SYSTEM32\IPHLPAPI.DLL
0x00007ff8694f0000 - 0x00007ff8694f9000 	C:\Windows\System32\NSI.dll
0x00007ff85ff90000 - 0x00007ff85ffa9000 	C:\Windows\SYSTEM32\dhcpcsvc6.DLL
0x00007ff85ffb0000 - 0x00007ff85ffcf000 	C:\Windows\SYSTEM32\dhcpcsvc.DLL
0x00007ff866800000 - 0x00007ff8668f9000 	C:\Windows\SYSTEM32\DNSAPI.dll

dbghelp: loaded successfully - version: 4.0.5 - missing functions: none
symbol engine: initialized successfully - sym options: 0x614 - pdb path: .;D:\Archivos de programa\Java\jdk-19\bin;C:\Windows\SYSTEM32;C:\Windows\WinSxS\amd64_microsoft.windows.common-controls_6595b64144ccf1df_6.0.22621.2361_none_2712ced57382f843;D:\Archivos de programa\Java\jdk-19\bin\server;D:\Archivos de programa\NetBeans-18\netbeans\java\maven\lib\jansi-native\Windows\x86_64

VM Arguments:
jvm_args: -Dclassworlds.conf=D:\Archivos de programa\NetBeans-18\netbeans\java\maven\bin\m2.conf -Dmaven.home=D:\Archivos de programa\NetBeans-18\netbeans\java\maven -Dlibrary.jansi.path=D:\Archivos de programa\NetBeans-18\netbeans\java\maven\lib\jansi-native -Dmaven.multiModuleProjectDirectory=C:\Users\RouryR\Documents\GitHub\SC-403-DAWP_Grupo2\Escalibur_Tech 
java_command: org.codehaus.plexus.classworlds.launcher.Launcher -Dmaven.ext.class.path=D:\Archivos de programa\NetBeans-18\netbeans\java\maven-nblib\netbeans-eventspy.jar --no-transfer-progress clean install
java_class_path (initial): D:\Archivos de programa\NetBeans-18\netbeans\java\maven\boot\plexus-classworlds-2.6.0.jar
Launcher Type: SUN_STANDARD

[Global flags]
     intx CICompilerCount                          = 3                                         {product} {ergonomic}
     uint ConcGCThreads                            = 1                                         {product} {ergonomic}
     uint G1ConcRefinementThreads                  = 4                                         {product} {ergonomic}
   size_t G1HeapRegionSize                         = 2097152                                   {product} {ergonomic}
    uintx GCDrainStackTargetSize                   = 64                                        {product} {ergonomic}
   size_t InitialHeapSize                          = 268435456                                 {product} {ergonomic}
   size_t MarkStackSize                            = 4194304                                   {product} {ergonomic}
   size_t MaxHeapSize                              = 4273995776                                {product} {ergonomic}
   size_t MaxNewSize                               = 2562719744                                {product} {ergonomic}
   size_t MinHeapDeltaBytes                        = 2097152                                   {product} {ergonomic}
   size_t MinHeapSize                              = 8388608                                   {product} {ergonomic}
    uintx NonNMethodCodeHeapSize                   = 5832780                                {pd product} {ergonomic}
    uintx NonProfiledCodeHeapSize                  = 122912730                              {pd product} {ergonomic}
    uintx ProfiledCodeHeapSize                     = 122912730                              {pd product} {ergonomic}
    uintx ReservedCodeCacheSize                    = 251658240                              {pd product} {ergonomic}
     bool SegmentedCodeCache                       = true                                      {product} {ergonomic}
   size_t SoftMaxHeapSize                          = 4273995776                             {manageable} {ergonomic}
     bool UseCompressedClassPointers               = true                           {product lp64_product} {ergonomic}
     bool UseCompressedOops                        = true                           {product lp64_product} {ergonomic}
     bool UseG1GC                                  = true                                      {product} {ergonomic}
     bool UseLargePagesIndividualAllocation        = false                                  {pd product} {ergonomic}

Logging:
Log output configuration:
 #0: stdout all=warning uptime,level,tags foldmultilines=false
 #1: stderr all=off uptime,level,tags foldmultilines=false

Environment Variables:
JAVA_HOME=D:\Archivos de programa\Java\jdk-19
PATH=C:\Program Files\Common Files\Oracle\Java\javapath;C:\Program Files (x86)\Common Files\Oracle\Java\javapath;D:\Archivos de programa\Eclipse Adoptium\jdk-17.0.6.10-hotspot\bin;C:\Windows\system32;C:\Windows;C:\Windows\System32\Wbem;C:\Windows\System32\WindowsPowerShell\v1.0\;C:\Windows\System32\OpenSSH\;C:\Program Files\nodejs\;C:\Program Files (x86)\dotnet\;C:\Program Files\Git\cmd;C:\Program Files\PowerShell\7\;C:\Program Files\MySQL\MySQL Shell 8.0\bin\;C:\Users\RouryR\AppData\Local\Microsoft\WindowsApps;D:\Archivos de programa\Microsoft VS Code\bin;C:\Users\RouryR\AppData\Roaming\npm;C:\Users\RouryR\AppData\Local\GitHubDesktop\bin
USERNAME=RouryR
OS=Windows_NT
PROCESSOR_IDENTIFIER=Intel64 Family 6 Model 142 Stepping 9, GenuineIntel
TMP=C:\Users\RouryR\AppData\Local\Temp
TEMP=C:\Users\RouryR\AppData\Local\Temp



---------------  S Y S T E M  ---------------

OS:
 Windows 11 , 64 bit Build 22621 (10.0.22621.2428)
OS uptime: 24 days 1:06 hours

CPU: total 4 (initial active 4) (2 cores per cpu, 2 threads per core) family 6 model 142 stepping 9 microcode 0xde, cx8, cmov, fxsr, ht, mmx, 3dnowpref, sse, sse2, sse3, ssse3, sse4.1, sse4.2, popcnt, lzcnt, tsc, tscinvbit, avx, avx2, aes, erms, clmul, bmi1, bmi2, adx, fma, vzeroupper, clflush, clflushopt, rdtscp

Memory: 4k page, system-wide physical 16300M (4972M free)
TotalPageFile size 18348M (AvailPageFile size 1M)
current process WorkingSet (physical memory assigned to process): 364M, peak: 364M
current process commit charge ("private bytes"): 394M, peak: 400M

vm_info: Java HotSpot(TM) 64-Bit Server VM (19.0.2+7-44) for windows-amd64 JRE (19.0.2+7-44), built on 2022-11-30T18:02:09Z by "mach5one" with MS VC++ 17.1 (VS2022)

END.
