#
# There is insufficient memory for the Java Runtime Environment to continue.
# Native memory allocation (mmap) failed to map 268435456 bytes for G1 virtual space
# Possible reasons:
#   The system is out of physical RAM or swap space
#   The process is running with CompressedOops enabled, and the Java Heap may be blocking the growth of the native heap
# Possible solutions:
#   Reduce memory load on the system
#   Increase physical memory or swap space
#   Check if swap backing store is full
#   Decrease Java heap size (-Xmx/-Xms)
#   Decrease number of Java threads
#   Decrease Java thread stack sizes (-Xss)
#   Set larger code cache with -XX:ReservedCodeCacheSize=
#   JVM is running with Zero Based Compressed Oops mode in which the Java heap is
#     placed in the first 32GB address space. The Java Heap base address is the
#     maximum limit for the native heap growth. Please use -XX:HeapBaseMinAddress
#     to set the Java Heap base and to place the Java Heap above 32GB virtual address.
# This output file may be truncated or incomplete.
#
#  Out of Memory Error (os_windows.cpp:3536), pid=14620, tid=388
#
# JRE version:  (19.0.2+7) (build )
# Java VM: Java HotSpot(TM) 64-Bit Server VM (19.0.2+7-44, mixed mode, sharing, tiered, compressed oops, compressed class ptrs, g1 gc, windows-amd64)
# No core dump will be written. Minidumps are not enabled by default on client versions of Windows
#

---------------  S U M M A R Y ------------

Command Line: C:\Users\RouryR\AppData\Local\Temp\surefire2315189435036606329\surefirebooter-20231104225003519_3.jar C:\Users\RouryR\AppData\Local\Temp\surefire2315189435036606329 2023-11-04T22-50-02_766-jvmRun1 surefire-20231104225003519_1tmp surefire_0-20231104225003519_2tmp

Host: Intel(R) Core(TM) i7-7500U CPU @ 2.70GHz, 4 cores, 15G,  Windows 11 , 64 bit Build 22621 (10.0.22621.2428)
Time: Sat Nov  4 22:50:04 2023 Hora estándar central (México) elapsed time: 0.127245 seconds (0d 0h 0m 0s)

---------------  T H R E A D  ---------------

Current thread (0x000001f14192a5f0):  JavaThread "Unknown thread" [_thread_in_vm, id=388, stack(0x0000002677b00000,0x0000002677c00000)]

Stack: [0x0000002677b00000,0x0000002677c00000]
Native frames: (J=compiled Java code, j=interpreted, Vv=VM code, C=native code)
V  [jvm.dll+0x6ee21a]
V  [jvm.dll+0x85765e]
V  [jvm.dll+0x85904e]
V  [jvm.dll+0x859703]
V  [jvm.dll+0x28298f]
V  [jvm.dll+0x6eb009]
V  [jvm.dll+0x6dfbaa]
V  [jvm.dll+0x3573f6]
V  [jvm.dll+0x35ee56]
V  [jvm.dll+0x3b541e]
V  [jvm.dll+0x3b564f]
V  [jvm.dll+0x32c9ea]
V  [jvm.dll+0x32d89e]
V  [jvm.dll+0x821780]
V  [jvm.dll+0x3c2661]
V  [jvm.dll+0x801f51]
V  [jvm.dll+0x44ae8f]
V  [jvm.dll+0x44c811]
C  [jli.dll+0x5287]
C  [ucrtbase.dll+0x29363]
C  [KERNEL32.DLL+0x1257d]
C  [ntdll.dll+0x5aa78]


---------------  P R O C E S S  ---------------

Threads class SMR info:
_java_thread_list=0x00007ff81cc3d048, length=0, elements={
}

Java Threads: ( => current thread )

Other Threads:
  0x000001f141999d70 WorkerThread "GC Thread#0" [stack: 0x0000002677c00000,0x0000002677d00000] [id=11992]
  0x000001f1419aaaa0 ConcurrentGCThread "G1 Main Marker" [stack: 0x0000002677d00000,0x0000002677e00000] [id=7324]
  0x000001f1419ab580 WorkerThread "G1 Conc#0" [stack: 0x0000002677e00000,0x0000002677f00000] [id=10260]

[error occurred during error reporting (printing all threads), id 0xc0000005, EXCEPTION_ACCESS_VIOLATION (0xc0000005) at pc=0x00007ff81c3fd427]

VM state: not at safepoint (not fully initialized)

VM Mutex/Monitor currently owned by a thread:  ([mutex/lock_event])
[0x000001f1419277f0] Heap_lock - owner thread: 0x000001f14192a5f0

Heap address: 0x0000000701400000, size: 4076 MB, Compressed Oops mode: Zero based, Oop shift amount: 3

CDS archive(s) mapped at: [0x0000000000000000-0x0000000000000000-0x0000000000000000), size 0, SharedBaseAddress: 0x0000000800000000, ArchiveRelocationMode: 0.
Narrow klass base: 0x0000000000000000, Narrow klass shift: 0, Narrow klass range: 0x0

GC Precious Log:
 CardTable entry size: 512
 Card Set container configuration: InlinePtr #cards 4 size 8 Array Of Cards #cards 16 size 48 Howl #buckets 8 coarsen threshold 3686 Howl Bitmap #cards 512 size 80 coarsen threshold 460 Card regions per heap region 1 cards per card region 4096

Heap:
 garbage-first heap   total 0K, used 0K [0x0000000701400000, 0x0000000800000000)
  region size 2048K, 0 young (0K), 0 survivors (0K)

[error occurred during error reporting (printing heap information), id 0xc0000005, EXCEPTION_ACCESS_VIOLATION (0xc0000005) at pc=0x00007ff81c806649]

GC Heap History (0 events):
No events

Dll operation events (1 events):
Event: 0.030 Loaded shared library D:\Archivos de programa\Java\jdk-19\bin\java.dll

Deoptimization events (0 events):
No events

Classes loaded (0 events):
No events

Classes unloaded (0 events):
No events

Classes redefined (0 events):
No events

Internal exceptions (0 events):
No events

VM Operations (0 events):
No events

Events (0 events):
No events


Dynamic libraries:
0x00007ff6fcfd0000 - 0x00007ff6fcfe0000 	D:\Archivos de programa\Java\jdk-19\bin\java.exe
0x00007ff86a950000 - 0x00007ff86ab67000 	C:\Windows\SYSTEM32\ntdll.dll
0x00007ff868e90000 - 0x00007ff868f54000 	C:\Windows\System32\KERNEL32.DLL
0x00007ff867df0000 - 0x00007ff868196000 	C:\Windows\System32\KERNELBASE.dll
0x00007ff867cd0000 - 0x00007ff867de1000 	C:\Windows\System32\ucrtbase.dll
0x00007ff84ee50000 - 0x00007ff84ee68000 	D:\Archivos de programa\Java\jdk-19\bin\jli.dll
0x00007ff86a220000 - 0x00007ff86a2d0000 	C:\Windows\System32\ADVAPI32.dll
0x00007ff869320000 - 0x00007ff8693c7000 	C:\Windows\System32\msvcrt.dll
0x00007ff8687a0000 - 0x00007ff868846000 	C:\Windows\System32\sechost.dll
0x00007ff869120000 - 0x00007ff869237000 	C:\Windows\System32\RPCRT4.dll
0x00007ff86a750000 - 0x00007ff86a8fd000 	C:\Windows\System32\USER32.dll
0x00007ff868260000 - 0x00007ff868286000 	C:\Windows\System32\win32u.dll
0x00007ff86a1f0000 - 0x00007ff86a219000 	C:\Windows\System32\GDI32.dll
0x00007ff868290000 - 0x00007ff8683a8000 	C:\Windows\System32\gdi32full.dll
0x00007ff8684a0000 - 0x00007ff86853a000 	C:\Windows\System32\msvcp_win.dll
0x00007ff858f80000 - 0x00007ff858f9b000 	D:\Archivos de programa\Java\jdk-19\bin\VCRUNTIME140.dll
0x00007ff84a010000 - 0x00007ff84a2a3000 	C:\Windows\WinSxS\amd64_microsoft.windows.common-controls_6595b64144ccf1df_6.0.22621.2361_none_2712ced57382f843\COMCTL32.dll
0x00007ff860ba0000 - 0x00007ff860baa000 	C:\Windows\SYSTEM32\VERSION.dll
0x00007ff869500000 - 0x00007ff869531000 	C:\Windows\System32\IMM32.DLL
0x00007ff861f30000 - 0x00007ff861f3c000 	D:\Archivos de programa\Java\jdk-19\bin\vcruntime140_1.dll
0x00007ff8573d0000 - 0x00007ff85745e000 	D:\Archivos de programa\Java\jdk-19\bin\msvcp140.dll
0x00007ff81c0c0000 - 0x00007ff81cd80000 	D:\Archivos de programa\Java\jdk-19\bin\server\jvm.dll
0x00007ff855400000 - 0x00007ff855409000 	C:\Windows\SYSTEM32\WSOCK32.dll
0x00007ff869540000 - 0x00007ff8695b1000 	C:\Windows\System32\WS2_32.dll
0x00007ff8606e0000 - 0x00007ff860714000 	C:\Windows\SYSTEM32\WINMM.dll
0x00007ff866d10000 - 0x00007ff866d28000 	C:\Windows\SYSTEM32\kernel.appcore.dll
0x00007ff861bf0000 - 0x00007ff861bfa000 	D:\Archivos de programa\Java\jdk-19\bin\jimage.dll
0x00007ff865530000 - 0x00007ff86575e000 	C:\Windows\SYSTEM32\DBGHELP.DLL
0x00007ff868850000 - 0x00007ff868bda000 	C:\Windows\System32\combase.dll
0x00007ff868db0000 - 0x00007ff868e87000 	C:\Windows\System32\OLEAUT32.dll
0x00007ff850ad0000 - 0x00007ff850b02000 	C:\Windows\SYSTEM32\dbgcore.DLL
0x00007ff8683b0000 - 0x00007ff86842a000 	C:\Windows\System32\bcryptPrimitives.dll
0x00007ff858ad0000 - 0x00007ff858af6000 	D:\Archivos de programa\Java\jdk-19\bin\java.dll

dbghelp: loaded successfully - version: 4.0.5 - missing functions: none
symbol engine: initialized successfully - sym options: 0x614 - pdb path: .;D:\Archivos de programa\Java\jdk-19\bin;C:\Windows\SYSTEM32;C:\Windows\WinSxS\amd64_microsoft.windows.common-controls_6595b64144ccf1df_6.0.22621.2361_none_2712ced57382f843;D:\Archivos de programa\Java\jdk-19\bin\server

VM Arguments:
java_command: C:\Users\RouryR\AppData\Local\Temp\surefire2315189435036606329\surefirebooter-20231104225003519_3.jar C:\Users\RouryR\AppData\Local\Temp\surefire2315189435036606329 2023-11-04T22-50-02_766-jvmRun1 surefire-20231104225003519_1tmp surefire_0-20231104225003519_2tmp
java_class_path (initial): C:\Users\RouryR\AppData\Local\Temp\surefire2315189435036606329\surefirebooter-20231104225003519_3.jar
Launcher Type: SUN_STANDARD

[Global flags]
     intx CICompilerCount                          = 3                                         {product} {ergonomic}
     uint ConcGCThreads                            = 1                                         {product} {ergonomic}
     uint G1ConcRefinementThreads                  = 4                                         {product} {ergonomic}
   size_t G1HeapRegionSize                         = 2097152                                   {product} {ergonomic}
    uintx GCDrainStackTargetSize                   = 64                                        {product} {ergonomic}
   size_t InitialHeapSize                          = 268435456                                 {product} {ergonomic}
   size_t MarkStackSize                            = 4194304                                   {product} {ergonomic}
   size_t MaxHeapSize                              = 4273995776                                {product} {ergonomic}
   size_t MinHeapDeltaBytes                        = 2097152                                   {product} {ergonomic}
   size_t MinHeapSize                              = 8388608                                   {product} {ergonomic}
    uintx NonNMethodCodeHeapSize                   = 5832780                                {pd product} {ergonomic}
    uintx NonProfiledCodeHeapSize                  = 122912730                              {pd product} {ergonomic}
    uintx ProfiledCodeHeapSize                     = 122912730                              {pd product} {ergonomic}
    uintx ReservedCodeCacheSize                    = 251658240                              {pd product} {ergonomic}
     bool SegmentedCodeCache                       = true                                      {product} {ergonomic}
   size_t SoftMaxHeapSize                          = 4273995776                             {manageable} {ergonomic}
     bool UseCompressedClassPointers               = true                           {product lp64_product} {ergonomic}
     bool UseCompressedOops                        = true                           {product lp64_product} {ergonomic}
     bool UseG1GC                                  = true                                      {product} {ergonomic}
     bool UseLargePagesIndividualAllocation        = false                                  {pd product} {ergonomic}

Logging:
Log output configuration:
 #0: stdout all=warning uptime,level,tags foldmultilines=false
 #1: stderr all=off uptime,level,tags foldmultilines=false

Environment Variables:
JAVA_HOME=D:\Archivos de programa\Java\jdk-19
PATH=C:\Program Files\Common Files\Oracle\Java\javapath;C:\Program Files (x86)\Common Files\Oracle\Java\javapath;D:\Archivos de programa\Eclipse Adoptium\jdk-17.0.6.10-hotspot\bin;C:\Windows\system32;C:\Windows;C:\Windows\System32\Wbem;C:\Windows\System32\WindowsPowerShell\v1.0\;C:\Windows\System32\OpenSSH\;C:\Program Files\nodejs\;C:\Program Files (x86)\dotnet\;C:\Program Files\Git\cmd;C:\Program Files\PowerShell\7\;C:\Program Files\MySQL\MySQL Shell 8.0\bin\;C:\Users\RouryR\AppData\Local\Microsoft\WindowsApps;D:\Archivos de programa\Microsoft VS Code\bin;C:\Users\RouryR\AppData\Roaming\npm;C:\Users\RouryR\AppData\Local\GitHubDesktop\bin
USERNAME=RouryR
OS=Windows_NT
PROCESSOR_IDENTIFIER=Intel64 Family 6 Model 142 Stepping 9, GenuineIntel
TMP=C:\Users\RouryR\AppData\Local\Temp
TEMP=C:\Users\RouryR\AppData\Local\Temp



---------------  S Y S T E M  ---------------

OS:
 Windows 11 , 64 bit Build 22621 (10.0.22621.2428)
OS uptime: 24 days 1:10 hours

CPU: total 4 (initial active 4) (2 cores per cpu, 2 threads per core) family 6 model 142 stepping 9 microcode 0xde, cx8, cmov, fxsr, ht, mmx, 3dnowpref, sse, sse2, sse3, ssse3, sse4.1, sse4.2, popcnt, lzcnt, tsc, tscinvbit, avx, avx2, aes, erms, clmul, bmi1, bmi2, adx, fma, vzeroupper, clflush, clflushopt, rdtscp

Memory: 4k page, system-wide physical 16300M (4280M free)
TotalPageFile size 18348M (AvailPageFile size 10M)
current process WorkingSet (physical memory assigned to process): 11M, peak: 11M
current process commit charge ("private bytes"): 52M, peak: 308M

vm_info: Java HotSpot(TM) 64-Bit Server VM (19.0.2+7-44) for windows-amd64 JRE (19.0.2+7-44), built on 2022-11-30T18:02:09Z by "mach5one" with MS VC++ 17.1 (VS2022)

END.
